09/11/11 10:38:07 INFO  dnsserver: Autodiscovery is enabled - trying to discover your system's DNS Servers
09/11/11 10:38:08 INFO  dnsserver: Adding autodiscovered server 10.18.6.5
09/11/11 10:38:08 INFO  dnsserver: Adding autodiscovered server 10.18.6.6
09/11/11 10:38:08 INFO  dnsserver: Adding autodiscovered server 10.0.2.2
09/11/11 10:38:08 INFO  dnsserver: DNS Server is: 10.18.6.5
09/11/11 10:38:08 INFO  dnsserver: DNS Server is: 10.18.6.6
09/11/11 10:38:08 INFO  dnsserver: DNS Server is: 10.0.2.2
09/11/11 10:38:08 INFO  dnsserver: DNS Server is: 192.168.1.254
09/11/11 17:21:23 WARN  dnsserver: Query error!
java.net.SocketTimeoutException
	at org.xbill.DNS.Client.blockUntil(Client.java:43)
	at org.xbill.DNS.UDPClient.recv(UDPClient.java:43)
	at org.xbill.DNS.UDPClient.sendrecv(UDPClient.java:70)
	at org.xbill.DNS.SimpleResolver.send(SimpleResolver.java:256)
	at org.xbill.DNS.ExtendedResolver$Resolution.start(ExtendedResolver.java:93)
	at org.xbill.DNS.ExtendedResolver.send(ExtendedResolver.java:359)
	at org.apache.james.dnsserver.DNSServer.rawDNSLookup(DNSServer.java:337)
	at org.apache.james.dnsserver.DNSServer.lookup(DNSServer.java:291)
	at org.apache.james.dnsserver.DNSServer.findMXRecordsRaw(DNSServer.java:202)
	at org.apache.james.dnsserver.DNSServer.findMXRecords(DNSServer.java:237)
	at org.apache.james.dnsserver.DNSServer$1.<init>(DNSServer.java:427)
	at org.apache.james.dnsserver.DNSServer.getSMTPHostAddresses(DNSServer.java:426)
	at sun.reflect.NativeMethodAccessorImpl.invoke0(Native Method)
	at sun.reflect.NativeMethodAccessorImpl.invoke(NativeMethodAccessorImpl.java:57)
	at sun.reflect.DelegatingMethodAccessorImpl.invoke(DelegatingMethodAccessorImpl.java:43)
	at java.lang.reflect.Method.invoke(Method.java:601)
	at org.apache.avalon.phoenix.components.application.BlockInvocationHandler.invoke(BlockInvocationHandler.java:134)
	at $Proxy0.getSMTPHostAddresses(Unknown Source)
	at org.apache.james.James.getSMTPHostAddresses(James.java:860)
	at sun.reflect.NativeMethodAccessorImpl.invoke0(Native Method)
	at sun.reflect.NativeMethodAccessorImpl.invoke(NativeMethodAccessorImpl.java:57)
	at sun.reflect.DelegatingMethodAccessorImpl.invoke(DelegatingMethodAccessorImpl.java:43)
	at java.lang.reflect.Method.invoke(Method.java:601)
	at org.apache.avalon.phoenix.components.application.BlockInvocationHandler.invoke(BlockInvocationHandler.java:134)
	at $Proxy9.getSMTPHostAddresses(Unknown Source)
	at org.apache.james.transport.mailets.RemoteDelivery.deliver(RemoteDelivery.java:452)
	at org.apache.james.transport.mailets.RemoteDelivery.run(RemoteDelivery.java:1139)
	at java.lang.Thread.run(Thread.java:722)
09/11/11 17:21:23 INFO  dnsserver: Couldn't resolve MX records for domain gmail.com.
09/11/11 17:21:53 WARN  dnsserver: Query error!
java.net.SocketTimeoutException
	at org.xbill.DNS.Client.blockUntil(Client.java:43)
	at org.xbill.DNS.UDPClient.recv(UDPClient.java:43)
	at org.xbill.DNS.UDPClient.sendrecv(UDPClient.java:70)
	at org.xbill.DNS.SimpleResolver.send(SimpleResolver.java:256)
	at org.xbill.DNS.ExtendedResolver$Resolution.start(ExtendedResolver.java:93)
	at org.xbill.DNS.ExtendedResolver.send(ExtendedResolver.java:359)
	at org.apache.james.dnsserver.DNSServer.rawDNSLookup(DNSServer.java:337)
	at org.apache.james.dnsserver.DNSServer.lookup(DNSServer.java:291)
	at org.apache.james.dnsserver.DNSServer.findMXRecords(DNSServer.java:249)
	at org.apache.james.dnsserver.DNSServer$1.<init>(DNSServer.java:427)
	at org.apache.james.dnsserver.DNSServer.getSMTPHostAddresses(DNSServer.java:426)
	at sun.reflect.NativeMethodAccessorImpl.invoke0(Native Method)
	at sun.reflect.NativeMethodAccessorImpl.invoke(NativeMethodAccessorImpl.java:57)
	at sun.reflect.DelegatingMethodAccessorImpl.invoke(DelegatingMethodAccessorImpl.java:43)
	at java.lang.reflect.Method.invoke(Method.java:601)
	at org.apache.avalon.phoenix.components.application.BlockInvocationHandler.invoke(BlockInvocationHandler.java:134)
	at $Proxy0.getSMTPHostAddresses(Unknown Source)
	at org.apache.james.James.getSMTPHostAddresses(James.java:860)
	at sun.reflect.NativeMethodAccessorImpl.invoke0(Native Method)
	at sun.reflect.NativeMethodAccessorImpl.invoke(NativeMethodAccessorImpl.java:57)
	at sun.reflect.DelegatingMethodAccessorImpl.invoke(DelegatingMethodAccessorImpl.java:43)
	at java.lang.reflect.Method.invoke(Method.java:601)
	at org.apache.avalon.phoenix.components.application.BlockInvocationHandler.invoke(BlockInvocationHandler.java:134)
	at $Proxy9.getSMTPHostAddresses(Unknown Source)
	at org.apache.james.transport.mailets.RemoteDelivery.deliver(RemoteDelivery.java:452)
	at org.apache.james.transport.mailets.RemoteDelivery.run(RemoteDelivery.java:1139)
	at java.lang.Thread.run(Thread.java:722)
09/11/11 17:21:53 INFO  dnsserver: Couldn't find CNAME records for domain gmail.com.
09/11/11 17:22:53 ERROR dnsserver: Couldn't resolve IP address for host gmail.com.
09/11/11 17:28:23 WARN  dnsserver: Query error!
java.net.SocketTimeoutException
	at org.xbill.DNS.Client.blockUntil(Client.java:43)
	at org.xbill.DNS.UDPClient.recv(UDPClient.java:43)
	at org.xbill.DNS.UDPClient.sendrecv(UDPClient.java:70)
	at org.xbill.DNS.SimpleResolver.send(SimpleResolver.java:256)
	at org.xbill.DNS.ExtendedResolver$Resolution.start(ExtendedResolver.java:93)
	at org.xbill.DNS.ExtendedResolver.send(ExtendedResolver.java:359)
	at org.apache.james.dnsserver.DNSServer.rawDNSLookup(DNSServer.java:337)
	at org.apache.james.dnsserver.DNSServer.lookup(DNSServer.java:291)
	at org.apache.james.dnsserver.DNSServer.findMXRecordsRaw(DNSServer.java:202)
	at org.apache.james.dnsserver.DNSServer.findMXRecords(DNSServer.java:237)
	at org.apache.james.dnsserver.DNSServer$1.<init>(DNSServer.java:427)
	at org.apache.james.dnsserver.DNSServer.getSMTPHostAddresses(DNSServer.java:426)
	at sun.reflect.NativeMethodAccessorImpl.invoke0(Native Method)
	at sun.reflect.NativeMethodAccessorImpl.invoke(NativeMethodAccessorImpl.java:57)
	at sun.reflect.DelegatingMethodAccessorImpl.invoke(DelegatingMethodAccessorImpl.java:43)
	at java.lang.reflect.Method.invoke(Method.java:601)
	at org.apache.avalon.phoenix.components.application.BlockInvocationHandler.invoke(BlockInvocationHandler.java:134)
	at $Proxy0.getSMTPHostAddresses(Unknown Source)
	at org.apache.james.James.getSMTPHostAddresses(James.java:860)
	at sun.reflect.NativeMethodAccessorImpl.invoke0(Native Method)
	at sun.reflect.NativeMethodAccessorImpl.invoke(NativeMethodAccessorImpl.java:57)
	at sun.reflect.DelegatingMethodAccessorImpl.invoke(DelegatingMethodAccessorImpl.java:43)
	at java.lang.reflect.Method.invoke(Method.java:601)
	at org.apache.avalon.phoenix.components.application.BlockInvocationHandler.invoke(BlockInvocationHandler.java:134)
	at $Proxy9.getSMTPHostAddresses(Unknown Source)
	at org.apache.james.transport.mailets.RemoteDelivery.deliver(RemoteDelivery.java:452)
	at org.apache.james.transport.mailets.RemoteDelivery.run(RemoteDelivery.java:1139)
	at java.lang.Thread.run(Thread.java:722)
09/11/11 17:28:23 INFO  dnsserver: Couldn't resolve MX records for domain gmail.com.
09/11/11 17:28:54 WARN  dnsserver: Query error!
java.net.SocketTimeoutException
	at org.xbill.DNS.Client.blockUntil(Client.java:43)
	at org.xbill.DNS.UDPClient.recv(UDPClient.java:43)
	at org.xbill.DNS.UDPClient.sendrecv(UDPClient.java:70)
	at org.xbill.DNS.SimpleResolver.send(SimpleResolver.java:256)
	at org.xbill.DNS.ExtendedResolver$Resolution.start(ExtendedResolver.java:93)
	at org.xbill.DNS.ExtendedResolver.send(ExtendedResolver.java:359)
	at org.apache.james.dnsserver.DNSServer.rawDNSLookup(DNSServer.java:337)
	at org.apache.james.dnsserver.DNSServer.lookup(DNSServer.java:291)
	at org.apache.james.dnsserver.DNSServer.findMXRecords(DNSServer.java:249)
	at org.apache.james.dnsserver.DNSServer$1.<init>(DNSServer.java:427)
	at org.apache.james.dnsserver.DNSServer.getSMTPHostAddresses(DNSServer.java:426)
	at sun.reflect.NativeMethodAccessorImpl.invoke0(Native Method)
	at sun.reflect.NativeMethodAccessorImpl.invoke(NativeMethodAccessorImpl.java:57)
	at sun.reflect.DelegatingMethodAccessorImpl.invoke(DelegatingMethodAccessorImpl.java:43)
	at java.lang.reflect.Method.invoke(Method.java:601)
	at org.apache.avalon.phoenix.components.application.BlockInvocationHandler.invoke(BlockInvocationHandler.java:134)
	at $Proxy0.getSMTPHostAddresses(Unknown Source)
	at org.apache.james.James.getSMTPHostAddresses(James.java:860)
	at sun.reflect.NativeMethodAccessorImpl.invoke0(Native Method)
	at sun.reflect.NativeMethodAccessorImpl.invoke(NativeMethodAccessorImpl.java:57)
	at sun.reflect.DelegatingMethodAccessorImpl.invoke(DelegatingMethodAccessorImpl.java:43)
	at java.lang.reflect.Method.invoke(Method.java:601)
	at org.apache.avalon.phoenix.components.application.BlockInvocationHandler.invoke(BlockInvocationHandler.java:134)
	at $Proxy9.getSMTPHostAddresses(Unknown Source)
	at org.apache.james.transport.mailets.RemoteDelivery.deliver(RemoteDelivery.java:452)
	at org.apache.james.transport.mailets.RemoteDelivery.run(RemoteDelivery.java:1139)
	at java.lang.Thread.run(Thread.java:722)
09/11/11 17:28:54 INFO  dnsserver: Couldn't find CNAME records for domain gmail.com.
09/11/11 17:29:54 ERROR dnsserver: Couldn't resolve IP address for host gmail.com.
09/11/11 17:41:56 ERROR dnsserver: Couldn't resolve IP address for discovered host alt2.gmail-smtp-in.l.google.com..
09/11/11 17:42:26 ERROR dnsserver: Couldn't resolve IP address for discovered host alt3.gmail-smtp-in.l.google.com..
09/11/11 17:42:56 ERROR dnsserver: Couldn't resolve IP address for discovered host alt4.gmail-smtp-in.l.google.com..
09/11/11 18:30:34 ERROR dnsserver: Couldn't resolve IP address for discovered host alt3.gmail-smtp-in.l.google.com..
09/11/11 18:31:04 ERROR dnsserver: Couldn't resolve IP address for discovered host alt4.gmail-smtp-in.l.google.com..
09/11/11 20:33:47 ERROR dnsserver: Couldn't resolve IP address for discovered host alt3.gmail-smtp-in.l.google.com..
09/11/11 20:34:17 ERROR dnsserver: Couldn't resolve IP address for discovered host alt4.gmail-smtp-in.l.google.com..
