07/11/11 14:02:43 INFO  dnsserver: Autodiscovery is enabled - trying to discover your system's DNS Servers
07/11/11 14:02:43 INFO  dnsserver: Adding autodiscovered server 10.18.6.5
07/11/11 14:02:43 INFO  dnsserver: Adding autodiscovered server 10.18.6.6
07/11/11 14:02:43 INFO  dnsserver: Adding autodiscovered server 10.0.2.2
07/11/11 14:02:43 INFO  dnsserver: DNS Server is: 10.18.6.5
07/11/11 14:02:43 INFO  dnsserver: DNS Server is: 10.18.6.6
07/11/11 14:02:43 INFO  dnsserver: DNS Server is: 10.0.2.2
07/11/11 14:02:43 INFO  dnsserver: DNS Server is: 192.168.1.254
07/11/11 16:25:28 WARN  dnsserver: Query error!
java.net.SocketTimeoutException
	at org.xbill.DNS.Client.blockUntil(Client.java:43)
	at org.xbill.DNS.UDPClient.recv(UDPClient.java:43)
	at org.xbill.DNS.UDPClient.sendrecv(UDPClient.java:70)
	at org.xbill.DNS.SimpleResolver.send(SimpleResolver.java:256)
	at org.xbill.DNS.ExtendedResolver$Resolution.start(ExtendedResolver.java:93)
	at org.xbill.DNS.ExtendedResolver.send(ExtendedResolver.java:359)
	at org.apache.james.dnsserver.DNSServer.rawDNSLookup(DNSServer.java:337)
	at org.apache.james.dnsserver.DNSServer.lookup(DNSServer.java:291)
	at org.apache.james.dnsserver.DNSServer.findMXRecordsRaw(DNSServer.java:202)
	at org.apache.james.dnsserver.DNSServer.findMXRecords(DNSServer.java:237)
	at org.apache.james.dnsserver.DNSServer$1.<init>(DNSServer.java:427)
	at org.apache.james.dnsserver.DNSServer.getSMTPHostAddresses(DNSServer.java:426)
	at sun.reflect.NativeMethodAccessorImpl.invoke0(Native Method)
	at sun.reflect.NativeMethodAccessorImpl.invoke(Unknown Source)
	at sun.reflect.DelegatingMethodAccessorImpl.invoke(Unknown Source)
	at java.lang.reflect.Method.invoke(Unknown Source)
	at org.apache.avalon.phoenix.components.application.BlockInvocationHandler.invoke(BlockInvocationHandler.java:134)
	at $Proxy0.getSMTPHostAddresses(Unknown Source)
	at org.apache.james.James.getSMTPHostAddresses(James.java:860)
	at sun.reflect.NativeMethodAccessorImpl.invoke0(Native Method)
	at sun.reflect.NativeMethodAccessorImpl.invoke(Unknown Source)
	at sun.reflect.DelegatingMethodAccessorImpl.invoke(Unknown Source)
	at java.lang.reflect.Method.invoke(Unknown Source)
	at org.apache.avalon.phoenix.components.application.BlockInvocationHandler.invoke(BlockInvocationHandler.java:134)
	at $Proxy9.getSMTPHostAddresses(Unknown Source)
	at org.apache.james.transport.mailets.RemoteDelivery.deliver(RemoteDelivery.java:452)
	at org.apache.james.transport.mailets.RemoteDelivery.run(RemoteDelivery.java:1139)
	at java.lang.Thread.run(Unknown Source)
07/11/11 16:25:28 INFO  dnsserver: Couldn't resolve MX records for domain gmail.com.
07/11/11 16:25:58 WARN  dnsserver: Query error!
java.net.SocketTimeoutException
	at org.xbill.DNS.Client.blockUntil(Client.java:43)
	at org.xbill.DNS.UDPClient.recv(UDPClient.java:43)
	at org.xbill.DNS.UDPClient.sendrecv(UDPClient.java:70)
	at org.xbill.DNS.SimpleResolver.send(SimpleResolver.java:256)
	at org.xbill.DNS.ExtendedResolver$Resolution.start(ExtendedResolver.java:93)
	at org.xbill.DNS.ExtendedResolver.send(ExtendedResolver.java:359)
	at org.apache.james.dnsserver.DNSServer.rawDNSLookup(DNSServer.java:337)
	at org.apache.james.dnsserver.DNSServer.lookup(DNSServer.java:291)
	at org.apache.james.dnsserver.DNSServer.findMXRecords(DNSServer.java:249)
	at org.apache.james.dnsserver.DNSServer$1.<init>(DNSServer.java:427)
	at org.apache.james.dnsserver.DNSServer.getSMTPHostAddresses(DNSServer.java:426)
	at sun.reflect.NativeMethodAccessorImpl.invoke0(Native Method)
	at sun.reflect.NativeMethodAccessorImpl.invoke(Unknown Source)
	at sun.reflect.DelegatingMethodAccessorImpl.invoke(Unknown Source)
	at java.lang.reflect.Method.invoke(Unknown Source)
	at org.apache.avalon.phoenix.components.application.BlockInvocationHandler.invoke(BlockInvocationHandler.java:134)
	at $Proxy0.getSMTPHostAddresses(Unknown Source)
	at org.apache.james.James.getSMTPHostAddresses(James.java:860)
	at sun.reflect.NativeMethodAccessorImpl.invoke0(Native Method)
	at sun.reflect.NativeMethodAccessorImpl.invoke(Unknown Source)
	at sun.reflect.DelegatingMethodAccessorImpl.invoke(Unknown Source)
	at java.lang.reflect.Method.invoke(Unknown Source)
	at org.apache.avalon.phoenix.components.application.BlockInvocationHandler.invoke(BlockInvocationHandler.java:134)
	at $Proxy9.getSMTPHostAddresses(Unknown Source)
	at org.apache.james.transport.mailets.RemoteDelivery.deliver(RemoteDelivery.java:452)
	at org.apache.james.transport.mailets.RemoteDelivery.run(RemoteDelivery.java:1139)
	at java.lang.Thread.run(Unknown Source)
07/11/11 16:25:58 INFO  dnsserver: Couldn't find CNAME records for domain gmail.com.
07/11/11 16:26:58 ERROR dnsserver: Couldn't resolve IP address for host gmail.com.
07/11/11 16:32:28 WARN  dnsserver: Query error!
java.net.SocketTimeoutException
	at org.xbill.DNS.Client.blockUntil(Client.java:43)
	at org.xbill.DNS.UDPClient.recv(UDPClient.java:43)
	at org.xbill.DNS.UDPClient.sendrecv(UDPClient.java:70)
	at org.xbill.DNS.SimpleResolver.send(SimpleResolver.java:256)
	at org.xbill.DNS.ExtendedResolver$Resolution.start(ExtendedResolver.java:93)
	at org.xbill.DNS.ExtendedResolver.send(ExtendedResolver.java:359)
	at org.apache.james.dnsserver.DNSServer.rawDNSLookup(DNSServer.java:337)
	at org.apache.james.dnsserver.DNSServer.lookup(DNSServer.java:291)
	at org.apache.james.dnsserver.DNSServer.findMXRecordsRaw(DNSServer.java:202)
	at org.apache.james.dnsserver.DNSServer.findMXRecords(DNSServer.java:237)
	at org.apache.james.dnsserver.DNSServer$1.<init>(DNSServer.java:427)
	at org.apache.james.dnsserver.DNSServer.getSMTPHostAddresses(DNSServer.java:426)
	at sun.reflect.NativeMethodAccessorImpl.invoke0(Native Method)
	at sun.reflect.NativeMethodAccessorImpl.invoke(Unknown Source)
	at sun.reflect.DelegatingMethodAccessorImpl.invoke(Unknown Source)
	at java.lang.reflect.Method.invoke(Unknown Source)
	at org.apache.avalon.phoenix.components.application.BlockInvocationHandler.invoke(BlockInvocationHandler.java:134)
	at $Proxy0.getSMTPHostAddresses(Unknown Source)
	at org.apache.james.James.getSMTPHostAddresses(James.java:860)
	at sun.reflect.NativeMethodAccessorImpl.invoke0(Native Method)
	at sun.reflect.NativeMethodAccessorImpl.invoke(Unknown Source)
	at sun.reflect.DelegatingMethodAccessorImpl.invoke(Unknown Source)
	at java.lang.reflect.Method.invoke(Unknown Source)
	at org.apache.avalon.phoenix.components.application.BlockInvocationHandler.invoke(BlockInvocationHandler.java:134)
	at $Proxy9.getSMTPHostAddresses(Unknown Source)
	at org.apache.james.transport.mailets.RemoteDelivery.deliver(RemoteDelivery.java:452)
	at org.apache.james.transport.mailets.RemoteDelivery.run(RemoteDelivery.java:1139)
	at java.lang.Thread.run(Unknown Source)
07/11/11 16:32:28 INFO  dnsserver: Couldn't resolve MX records for domain gmail.com.
07/11/11 16:32:58 WARN  dnsserver: Query error!
java.net.SocketTimeoutException
	at org.xbill.DNS.Client.blockUntil(Client.java:43)
	at org.xbill.DNS.UDPClient.recv(UDPClient.java:43)
	at org.xbill.DNS.UDPClient.sendrecv(UDPClient.java:70)
	at org.xbill.DNS.SimpleResolver.send(SimpleResolver.java:256)
	at org.xbill.DNS.ExtendedResolver$Resolution.start(ExtendedResolver.java:93)
	at org.xbill.DNS.ExtendedResolver.send(ExtendedResolver.java:359)
	at org.apache.james.dnsserver.DNSServer.rawDNSLookup(DNSServer.java:337)
	at org.apache.james.dnsserver.DNSServer.lookup(DNSServer.java:291)
	at org.apache.james.dnsserver.DNSServer.findMXRecords(DNSServer.java:249)
	at org.apache.james.dnsserver.DNSServer$1.<init>(DNSServer.java:427)
	at org.apache.james.dnsserver.DNSServer.getSMTPHostAddresses(DNSServer.java:426)
	at sun.reflect.NativeMethodAccessorImpl.invoke0(Native Method)
	at sun.reflect.NativeMethodAccessorImpl.invoke(Unknown Source)
	at sun.reflect.DelegatingMethodAccessorImpl.invoke(Unknown Source)
	at java.lang.reflect.Method.invoke(Unknown Source)
	at org.apache.avalon.phoenix.components.application.BlockInvocationHandler.invoke(BlockInvocationHandler.java:134)
	at $Proxy0.getSMTPHostAddresses(Unknown Source)
	at org.apache.james.James.getSMTPHostAddresses(James.java:860)
	at sun.reflect.NativeMethodAccessorImpl.invoke0(Native Method)
	at sun.reflect.NativeMethodAccessorImpl.invoke(Unknown Source)
	at sun.reflect.DelegatingMethodAccessorImpl.invoke(Unknown Source)
	at java.lang.reflect.Method.invoke(Unknown Source)
	at org.apache.avalon.phoenix.components.application.BlockInvocationHandler.invoke(BlockInvocationHandler.java:134)
	at $Proxy9.getSMTPHostAddresses(Unknown Source)
	at org.apache.james.transport.mailets.RemoteDelivery.deliver(RemoteDelivery.java:452)
	at org.apache.james.transport.mailets.RemoteDelivery.run(RemoteDelivery.java:1139)
	at java.lang.Thread.run(Unknown Source)
07/11/11 16:32:58 INFO  dnsserver: Couldn't find CNAME records for domain gmail.com.
07/11/11 16:33:58 ERROR dnsserver: Couldn't resolve IP address for host gmail.com.
