06/11/11 14:47:05 INFO  dnsserver: Autodiscovery is enabled - trying to discover your system's DNS Servers
06/11/11 14:47:05 INFO  dnsserver: Adding autodiscovered server 192.168.1.254
06/11/11 14:47:05 INFO  dnsserver: DNS Server is: 192.168.1.254
06/11/11 15:31:02 INFO  dnsserver: Couldn't resolve MX records for domain localhost.
06/11/11 15:31:02 INFO  dnsserver: Couldn't find CNAME records for domain localhost.
06/11/11 15:33:33 INFO  dnsserver: Couldn't resolve MX records for domain localhost.
06/11/11 15:33:33 INFO  dnsserver: Couldn't find CNAME records for domain localhost.
06/11/11 15:35:32 INFO  dnsserver: Couldn't resolve MX records for domain localhost.
06/11/11 15:35:32 INFO  dnsserver: Couldn't find CNAME records for domain localhost.
06/11/11 15:37:32 INFO  dnsserver: Couldn't resolve MX records for domain localhost.
06/11/11 15:37:32 INFO  dnsserver: Couldn't find CNAME records for domain localhost.
06/11/11 15:37:33 INFO  dnsserver: Couldn't resolve MX records for domain localhost.
06/11/11 15:37:33 INFO  dnsserver: Couldn't find CNAME records for domain localhost.
06/11/11 15:37:33 INFO  dnsserver: Couldn't resolve MX records for domain localhost.
06/11/11 15:37:33 INFO  dnsserver: Couldn't find CNAME records for domain localhost.
06/11/11 15:37:33 INFO  dnsserver: Couldn't resolve MX records for domain localhost.
06/11/11 15:37:33 INFO  dnsserver: Couldn't find CNAME records for domain localhost.
06/11/11 15:37:33 INFO  dnsserver: Couldn't resolve MX records for domain localhost.
06/11/11 15:37:33 INFO  dnsserver: Couldn't find CNAME records for domain localhost.
06/11/11 15:37:33 INFO  dnsserver: Couldn't resolve MX records for domain localhost.
06/11/11 15:37:33 INFO  dnsserver: Couldn't find CNAME records for domain localhost.
06/11/11 15:37:33 INFO  dnsserver: Couldn't resolve MX records for domain localhost.
06/11/11 15:37:33 INFO  dnsserver: Couldn't find CNAME records for domain localhost.
06/11/11 15:37:33 INFO  dnsserver: Couldn't resolve MX records for domain localhost.
06/11/11 15:37:33 INFO  dnsserver: Couldn't find CNAME records for domain localhost.
06/11/11 15:37:33 INFO  dnsserver: Couldn't resolve MX records for domain localhost.
06/11/11 15:37:33 INFO  dnsserver: Couldn't find CNAME records for domain localhost.
06/11/11 15:37:33 INFO  dnsserver: Couldn't resolve MX records for domain localhost.
06/11/11 15:37:33 INFO  dnsserver: Couldn't find CNAME records for domain localhost.
06/11/11 15:37:33 INFO  dnsserver: Couldn't resolve MX records for domain localhost.
06/11/11 15:37:33 INFO  dnsserver: Couldn't find CNAME records for domain localhost.
06/11/11 15:37:33 INFO  dnsserver: Couldn't resolve MX records for domain localhost.
06/11/11 15:37:33 INFO  dnsserver: Couldn't find CNAME records for domain localhost.
06/11/11 15:37:34 INFO  dnsserver: Couldn't resolve MX records for domain localhost.
06/11/11 15:37:34 INFO  dnsserver: Couldn't find CNAME records for domain localhost.
06/11/11 15:37:34 INFO  dnsserver: Couldn't resolve MX records for domain localhost.
06/11/11 15:37:34 INFO  dnsserver: Couldn't find CNAME records for domain localhost.
06/11/11 15:37:34 INFO  dnsserver: Couldn't resolve MX records for domain localhost.
06/11/11 15:37:34 INFO  dnsserver: Couldn't find CNAME records for domain localhost.
06/11/11 15:37:34 INFO  dnsserver: Couldn't resolve MX records for domain localhost.
06/11/11 15:37:34 INFO  dnsserver: Couldn't find CNAME records for domain localhost.
06/11/11 15:37:34 INFO  dnsserver: Couldn't resolve MX records for domain localhost.
06/11/11 15:37:34 INFO  dnsserver: Couldn't find CNAME records for domain localhost.
06/11/11 15:37:34 INFO  dnsserver: Couldn't resolve MX records for domain localhost.
06/11/11 15:37:34 INFO  dnsserver: Couldn't find CNAME records for domain localhost.
06/11/11 15:37:34 INFO  dnsserver: Couldn't resolve MX records for domain localhost.
06/11/11 15:37:34 INFO  dnsserver: Couldn't find CNAME records for domain localhost.
06/11/11 15:37:34 INFO  dnsserver: Couldn't resolve MX records for domain localhost.
06/11/11 15:37:34 INFO  dnsserver: Couldn't find CNAME records for domain localhost.
06/11/11 15:37:34 INFO  dnsserver: Couldn't resolve MX records for domain localhost.
06/11/11 15:37:34 INFO  dnsserver: Couldn't find CNAME records for domain localhost.
06/11/11 15:37:34 INFO  dnsserver: Couldn't resolve MX records for domain localhost.
06/11/11 15:37:34 INFO  dnsserver: Couldn't find CNAME records for domain localhost.
06/11/11 15:37:34 INFO  dnsserver: Couldn't resolve MX records for domain localhost.
06/11/11 15:37:34 INFO  dnsserver: Couldn't find CNAME records for domain localhost.
06/11/11 15:37:34 INFO  dnsserver: Couldn't resolve MX records for domain localhost.
06/11/11 15:37:34 INFO  dnsserver: Couldn't find CNAME records for domain localhost.
06/11/11 15:37:35 INFO  dnsserver: Couldn't resolve MX records for domain localhost.
06/11/11 15:37:35 INFO  dnsserver: Couldn't find CNAME records for domain localhost.
06/11/11 15:37:35 INFO  dnsserver: Couldn't resolve MX records for domain localhost.
06/11/11 15:37:35 INFO  dnsserver: Couldn't find CNAME records for domain localhost.
06/11/11 15:37:35 INFO  dnsserver: Couldn't resolve MX records for domain localhost.
06/11/11 15:37:35 INFO  dnsserver: Couldn't find CNAME records for domain localhost.
06/11/11 15:37:35 INFO  dnsserver: Couldn't resolve MX records for domain localhost.
06/11/11 15:37:35 INFO  dnsserver: Couldn't find CNAME records for domain localhost.
06/11/11 15:37:35 INFO  dnsserver: Couldn't resolve MX records for domain localhost.
06/11/11 15:37:35 INFO  dnsserver: Couldn't find CNAME records for domain localhost.
06/11/11 15:37:35 INFO  dnsserver: Couldn't resolve MX records for domain localhost.
06/11/11 15:37:35 INFO  dnsserver: Couldn't find CNAME records for domain localhost.
06/11/11 15:37:35 INFO  dnsserver: Couldn't resolve MX records for domain localhost.
06/11/11 15:37:35 INFO  dnsserver: Couldn't find CNAME records for domain localhost.
06/11/11 15:37:35 INFO  dnsserver: Couldn't resolve MX records for domain localhost.
06/11/11 15:37:35 INFO  dnsserver: Couldn't find CNAME records for domain localhost.
06/11/11 15:37:35 INFO  dnsserver: Couldn't resolve MX records for domain localhost.
06/11/11 15:37:36 INFO  dnsserver: Couldn't find CNAME records for domain localhost.
06/11/11 15:37:36 INFO  dnsserver: Couldn't resolve MX records for domain localhost.
06/11/11 15:37:36 INFO  dnsserver: Couldn't find CNAME records for domain localhost.
06/11/11 15:37:36 INFO  dnsserver: Couldn't resolve MX records for domain localhost.
06/11/11 15:37:36 INFO  dnsserver: Couldn't find CNAME records for domain localhost.
06/11/11 15:37:36 INFO  dnsserver: Couldn't resolve MX records for domain localhost.
06/11/11 15:37:36 INFO  dnsserver: Couldn't find CNAME records for domain localhost.
06/11/11 15:37:36 INFO  dnsserver: Couldn't resolve MX records for domain localhost.
06/11/11 15:37:36 INFO  dnsserver: Couldn't find CNAME records for domain localhost.
06/11/11 15:37:36 INFO  dnsserver: Couldn't resolve MX records for domain localhost.
06/11/11 15:37:36 INFO  dnsserver: Couldn't find CNAME records for domain localhost.
06/11/11 15:37:36 INFO  dnsserver: Couldn't resolve MX records for domain localhost.
06/11/11 15:37:36 INFO  dnsserver: Couldn't find CNAME records for domain localhost.
06/11/11 15:37:36 INFO  dnsserver: Couldn't resolve MX records for domain localhost.
06/11/11 15:37:36 INFO  dnsserver: Couldn't find CNAME records for domain localhost.
06/11/11 15:37:36 INFO  dnsserver: Couldn't resolve MX records for domain localhost.
06/11/11 15:37:36 INFO  dnsserver: Couldn't find CNAME records for domain localhost.
06/11/11 15:37:36 INFO  dnsserver: Couldn't resolve MX records for domain localhost.
06/11/11 15:37:36 INFO  dnsserver: Couldn't find CNAME records for domain localhost.
06/11/11 15:37:36 INFO  dnsserver: Couldn't resolve MX records for domain localhost.
06/11/11 15:37:36 INFO  dnsserver: Couldn't find CNAME records for domain localhost.
06/11/11 15:37:36 INFO  dnsserver: Couldn't resolve MX records for domain localhost.
06/11/11 15:37:37 INFO  dnsserver: Couldn't find CNAME records for domain localhost.
06/11/11 15:37:37 INFO  dnsserver: Couldn't resolve MX records for domain localhost.
06/11/11 15:37:37 INFO  dnsserver: Couldn't find CNAME records for domain localhost.
06/11/11 15:37:37 INFO  dnsserver: Couldn't resolve MX records for domain localhost.
06/11/11 15:37:37 INFO  dnsserver: Couldn't find CNAME records for domain localhost.
06/11/11 15:37:37 INFO  dnsserver: Couldn't resolve MX records for domain localhost.
06/11/11 15:37:37 INFO  dnsserver: Couldn't find CNAME records for domain localhost.
06/11/11 15:37:37 INFO  dnsserver: Couldn't resolve MX records for domain localhost.
06/11/11 15:37:37 INFO  dnsserver: Couldn't find CNAME records for domain localhost.
06/11/11 15:37:37 INFO  dnsserver: Couldn't resolve MX records for domain localhost.
06/11/11 15:37:37 INFO  dnsserver: Couldn't find CNAME records for domain localhost.
06/11/11 15:37:37 INFO  dnsserver: Couldn't resolve MX records for domain localhost.
06/11/11 15:37:37 INFO  dnsserver: Couldn't find CNAME records for domain localhost.
06/11/11 15:37:37 INFO  dnsserver: Couldn't resolve MX records for domain localhost.
06/11/11 15:37:37 INFO  dnsserver: Couldn't find CNAME records for domain localhost.
06/11/11 15:37:37 INFO  dnsserver: Couldn't resolve MX records for domain localhost.
06/11/11 15:37:37 INFO  dnsserver: Couldn't find CNAME records for domain localhost.
06/11/11 15:37:37 INFO  dnsserver: Couldn't resolve MX records for domain localhost.
06/11/11 15:37:37 INFO  dnsserver: Couldn't find CNAME records for domain localhost.
06/11/11 15:37:38 INFO  dnsserver: Couldn't resolve MX records for domain localhost.
06/11/11 15:37:38 INFO  dnsserver: Couldn't find CNAME records for domain localhost.
06/11/11 15:37:38 INFO  dnsserver: Couldn't resolve MX records for domain localhost.
06/11/11 15:37:38 INFO  dnsserver: Couldn't find CNAME records for domain localhost.
06/11/11 15:56:03 ERROR dnsserver: Couldn't resolve IP address for discovered host alt3.gmail-smtp-in.l.google.com..
06/11/11 16:38:10 ERROR dnsserver: Couldn't resolve IP address for discovered host gmail-smtp-in.l.google.com..
06/11/11 16:41:37 ERROR dnsserver: Couldn't resolve IP address for discovered host alt3.gmail-smtp-in.l.google.com..
