14/11/11 23:09:18 INFO  mailstore: JamesMailStore init...
14/11/11 23:09:18 INFO  mailstore: Registering Repository instance of class org.apache.james.mailrepository.AvalonMailRepository to handle file protocol requests for repositories of type MAIL
14/11/11 23:09:18 INFO  mailstore: Registering Repository instance of class org.apache.james.mailrepository.AvalonSpoolRepository to handle file protocol requests for repositories of type SPOOL
14/11/11 23:09:18 INFO  mailstore: Registering Repository instance of class org.apache.james.mailrepository.JDBCMailRepository to handle db protocol requests for repositories of type MAIL
14/11/11 23:09:18 INFO  mailstore: Registering Repository instance of class org.apache.james.mailrepository.JDBCSpoolRepository to handle db protocol requests for repositories of type SPOOL
14/11/11 23:09:18 INFO  mailstore: Registering Repository instance of class org.apache.james.mailrepository.JDBCMailRepository to handle dbfile protocol requests for repositories of type MAIL
14/11/11 23:09:18 INFO  mailstore: Registering Repository instance of class org.apache.james.mailrepository.JDBCSpoolRepository to handle dbfile protocol requests for repositories of type SPOOL
14/11/11 23:09:18 INFO  mailstore: Registering Repository instance of class org.apache.james.mailrepository.MBoxMailRepository to handle mbox protocol requests for repositories of type MAIL
14/11/11 23:09:18 INFO  mailstore: Registering Repository instance of class org.apache.james.mailrepository.filepair.File_Persistent_Object_Repository to handle file protocol requests for repositories of type OBJECT
14/11/11 23:09:18 INFO  mailstore: Registering Repository instance of class org.apache.james.mailrepository.filepair.File_Persistent_Stream_Repository to handle file protocol requests for repositories of type STREAM
14/11/11 23:09:18 INFO  mailstore: Init org.apache.james.mailrepository.filepair.File_Persistent_Object_Repository Store
14/11/11 23:09:18 INFO  mailstore: org.apache.james.mailrepository.filepair.File_Persistent_Object_Repository opened in C:\xampp\htdocs\james\james-2.3.2\apps\james\var\users
14/11/11 23:09:18 INFO  mailstore: added repository: file://var/users/\OBJECT->org.apache.james.mailrepository.filepair.File_Persistent_Object_Repository
14/11/11 23:09:18 INFO  mailstore: Init org.apache.james.mailrepository.filepair.File_Persistent_Stream_Repository Store
14/11/11 23:09:18 INFO  mailstore: org.apache.james.mailrepository.filepair.File_Persistent_Stream_Repository opened in C:\xampp\htdocs\james\james-2.3.2\apps\james\var\mail\spool
14/11/11 23:09:18 INFO  mailstore: added repository: file://var/mail/spool/STREAM->org.apache.james.mailrepository.filepair.File_Persistent_Stream_Repository
14/11/11 23:09:18 INFO  mailstore: Init org.apache.james.mailrepository.filepair.File_Persistent_Object_Repository Store
14/11/11 23:09:18 INFO  mailstore: org.apache.james.mailrepository.filepair.File_Persistent_Object_Repository opened in C:\xampp\htdocs\james\james-2.3.2\apps\james\var\mail\spool
14/11/11 23:09:18 INFO  mailstore: added repository: file://var/mail/spool/OBJECT->org.apache.james.mailrepository.filepair.File_Persistent_Object_Repository
14/11/11 23:09:18 INFO  mailstore: added repository: file://var/mail/spool/SPOOL->org.apache.james.mailrepository.AvalonSpoolRepository
14/11/11 23:09:18 INFO  mailstore: Init org.apache.james.mailrepository.filepair.File_Persistent_Stream_Repository Store
14/11/11 23:09:18 INFO  mailstore: org.apache.james.mailrepository.filepair.File_Persistent_Stream_Repository opened in C:\xampp\htdocs\james\james-2.3.2\apps\james\var\mail\inboxes
14/11/11 23:09:18 INFO  mailstore: added repository: file://var/mail/inboxes/STREAM->org.apache.james.mailrepository.filepair.File_Persistent_Stream_Repository
14/11/11 23:09:18 INFO  mailstore: Init org.apache.james.mailrepository.filepair.File_Persistent_Object_Repository Store
14/11/11 23:09:18 INFO  mailstore: org.apache.james.mailrepository.filepair.File_Persistent_Object_Repository opened in C:\xampp\htdocs\james\james-2.3.2\apps\james\var\mail\inboxes
14/11/11 23:09:18 INFO  mailstore: added repository: file://var/mail/inboxes/OBJECT->org.apache.james.mailrepository.filepair.File_Persistent_Object_Repository
14/11/11 23:09:18 INFO  mailstore: added repository: file://var/mail/inboxes/MAIL->org.apache.james.mailrepository.AvalonMailRepository
14/11/11 23:09:18 INFO  mailstore: Init org.apache.james.mailrepository.filepair.File_Persistent_Stream_Repository Store
14/11/11 23:09:18 INFO  mailstore: org.apache.james.mailrepository.filepair.File_Persistent_Stream_Repository opened in C:\xampp\htdocs\james\james-2.3.2\apps\james\var\mail\error
14/11/11 23:09:18 INFO  mailstore: added repository: file://var/mail/error/STREAM->org.apache.james.mailrepository.filepair.File_Persistent_Stream_Repository
14/11/11 23:09:18 INFO  mailstore: Init org.apache.james.mailrepository.filepair.File_Persistent_Object_Repository Store
14/11/11 23:09:18 INFO  mailstore: org.apache.james.mailrepository.filepair.File_Persistent_Object_Repository opened in C:\xampp\htdocs\james\james-2.3.2\apps\james\var\mail\error
14/11/11 23:09:18 INFO  mailstore: added repository: file://var/mail/error/OBJECT->org.apache.james.mailrepository.filepair.File_Persistent_Object_Repository
14/11/11 23:09:18 INFO  mailstore: added repository: file://var/mail/error/MAIL->org.apache.james.mailrepository.AvalonMailRepository
14/11/11 23:09:18 INFO  mailstore: Init org.apache.james.mailrepository.filepair.File_Persistent_Stream_Repository Store
14/11/11 23:09:18 INFO  mailstore: org.apache.james.mailrepository.filepair.File_Persistent_Stream_Repository opened in C:\xampp\htdocs\james\james-2.3.2\apps\james\var\mail\outgoing
14/11/11 23:09:18 INFO  mailstore: added repository: file://var/mail/outgoing/STREAM->org.apache.james.mailrepository.filepair.File_Persistent_Stream_Repository
14/11/11 23:09:18 INFO  mailstore: Init org.apache.james.mailrepository.filepair.File_Persistent_Object_Repository Store
14/11/11 23:09:18 INFO  mailstore: org.apache.james.mailrepository.filepair.File_Persistent_Object_Repository opened in C:\xampp\htdocs\james\james-2.3.2\apps\james\var\mail\outgoing
14/11/11 23:09:18 INFO  mailstore: added repository: file://var/mail/outgoing/OBJECT->org.apache.james.mailrepository.filepair.File_Persistent_Object_Repository
14/11/11 23:09:18 INFO  mailstore: added repository: file://var/mail/outgoing/SPOOL->org.apache.james.mailrepository.AvalonSpoolRepository
14/11/11 23:09:18 INFO  mailstore: Init org.apache.james.mailrepository.filepair.File_Persistent_Stream_Repository Store
14/11/11 23:09:18 INFO  mailstore: org.apache.james.mailrepository.filepair.File_Persistent_Stream_Repository opened in C:\xampp\htdocs\james\james-2.3.2\apps\james\var\mail\spam
14/11/11 23:09:18 INFO  mailstore: added repository: file://var/mail/spam/STREAM->org.apache.james.mailrepository.filepair.File_Persistent_Stream_Repository
14/11/11 23:09:18 INFO  mailstore: Init org.apache.james.mailrepository.filepair.File_Persistent_Object_Repository Store
14/11/11 23:09:18 INFO  mailstore: org.apache.james.mailrepository.filepair.File_Persistent_Object_Repository opened in C:\xampp\htdocs\james\james-2.3.2\apps\james\var\mail\spam
14/11/11 23:09:18 INFO  mailstore: added repository: file://var/mail/spam/OBJECT->org.apache.james.mailrepository.filepair.File_Persistent_Object_Repository
14/11/11 23:09:18 INFO  mailstore: added repository: file://var/mail/spam/MAIL->org.apache.james.mailrepository.AvalonMailRepository
14/11/11 23:09:19 INFO  mailstore: Init org.apache.james.mailrepository.filepair.File_Persistent_Stream_Repository Store
14/11/11 23:09:19 INFO  mailstore: org.apache.james.mailrepository.filepair.File_Persistent_Stream_Repository opened in C:\xampp\htdocs\james\james-2.3.2\apps\james\var\mail\address-error
14/11/11 23:09:19 INFO  mailstore: added repository: file://var/mail/address-error/STREAM->org.apache.james.mailrepository.filepair.File_Persistent_Stream_Repository
14/11/11 23:09:19 INFO  mailstore: Init org.apache.james.mailrepository.filepair.File_Persistent_Object_Repository Store
14/11/11 23:09:19 INFO  mailstore: org.apache.james.mailrepository.filepair.File_Persistent_Object_Repository opened in C:\xampp\htdocs\james\james-2.3.2\apps\james\var\mail\address-error
14/11/11 23:09:19 INFO  mailstore: added repository: file://var/mail/address-error/OBJECT->org.apache.james.mailrepository.filepair.File_Persistent_Object_Repository
14/11/11 23:09:19 INFO  mailstore: added repository: file://var/mail/address-error/MAIL->org.apache.james.mailrepository.AvalonMailRepository
14/11/11 23:09:19 INFO  mailstore: Init org.apache.james.mailrepository.filepair.File_Persistent_Stream_Repository Store
14/11/11 23:09:19 INFO  mailstore: org.apache.james.mailrepository.filepair.File_Persistent_Stream_Repository opened in C:\xampp\htdocs\james\james-2.3.2\apps\james\var\mail\relay-denied
14/11/11 23:09:19 INFO  mailstore: added repository: file://var/mail/relay-denied/STREAM->org.apache.james.mailrepository.filepair.File_Persistent_Stream_Repository
14/11/11 23:09:19 INFO  mailstore: Init org.apache.james.mailrepository.filepair.File_Persistent_Object_Repository Store
14/11/11 23:09:19 INFO  mailstore: org.apache.james.mailrepository.filepair.File_Persistent_Object_Repository opened in C:\xampp\htdocs\james\james-2.3.2\apps\james\var\mail\relay-denied
14/11/11 23:09:19 INFO  mailstore: added repository: file://var/mail/relay-denied/OBJECT->org.apache.james.mailrepository.filepair.File_Persistent_Object_Repository
14/11/11 23:09:19 INFO  mailstore: added repository: file://var/mail/relay-denied/MAIL->org.apache.james.mailrepository.AvalonMailRepository
