31/10/11 11:12:02 INFO  smtpserver: SMTP Service uses default thread group.
31/10/11 11:12:02 INFO  smtpserver: SMTP Service is running on: Eddie-VAIO
31/10/11 11:12:02 INFO  smtpserver: SMTP Service handler hello name is: Eddie-VAIO
31/10/11 11:12:02 INFO  smtpserver: SMTP Service handler connection timeout is: 360000
31/10/11 11:12:02 INFO  smtpserver: SMTP Service connection backlog is: 5
31/10/11 11:12:02 INFO  smtpserver: SMTP Service will allow a maximum of 30 connections.
31/10/11 11:12:02 INFO  smtpserver: This SMTP server does not require authentication.
31/10/11 11:12:02 INFO  smtpserver: Authorized addresses: [127.0.0.0/255.0.0.0]
31/10/11 11:12:02 INFO  smtpserver: No maximum message size is enforced for this server.
31/10/11 11:12:02 INFO  smtpserver: The idle timeout will be reset every 20480 bytes.
31/10/11 11:12:02 INFO  smtpserver: Added Commandhandler: org.apache.james.smtpserver.VrfyCmdHandler
31/10/11 11:12:02 INFO  smtpserver: Added Commandhandler: org.apache.james.smtpserver.AuthCmdHandler
31/10/11 11:12:02 INFO  smtpserver: Added Commandhandler: org.apache.james.smtpserver.QuitCmdHandler
31/10/11 11:12:02 INFO  smtpserver: Added Commandhandler: org.apache.james.smtpserver.HelpCmdHandler
31/10/11 11:12:02 INFO  smtpserver: Added Commandhandler: org.apache.james.smtpserver.HeloCmdHandler
31/10/11 11:12:02 INFO  smtpserver: Added Commandhandler: org.apache.james.smtpserver.MailCmdHandler
31/10/11 11:12:02 INFO  smtpserver: Added Commandhandler: org.apache.james.smtpserver.DataCmdHandler
31/10/11 11:12:02 INFO  smtpserver: Added Commandhandler: org.apache.james.smtpserver.RcptCmdHandler
31/10/11 11:12:02 INFO  smtpserver: Added Commandhandler: org.apache.james.smtpserver.EhloCmdHandler
31/10/11 11:12:02 INFO  smtpserver: Added MessageHandler: org.apache.james.smtpserver.SendMailHandler
31/10/11 11:12:02 INFO  smtpserver: Added Commandhandler: org.apache.james.smtpserver.NoopCmdHandler
31/10/11 11:12:02 INFO  smtpserver: Added Commandhandler: org.apache.james.smtpserver.ExpnCmdHandler
31/10/11 11:12:02 INFO  smtpserver: Added Commandhandler: org.apache.james.smtpserver.RsetCmdHandler
31/10/11 11:12:02 INFO  smtpserver: SMTP Service started plain:25
