06/11/11 20:00:30 INFO  smtpserver: SMTP Service uses default thread group.
06/11/11 20:00:30 INFO  smtpserver: SMTP Service is running on: Eddie-VAIO
06/11/11 20:00:30 INFO  smtpserver: SMTP Service handler hello name is: Eddie-VAIO
06/11/11 20:00:30 INFO  smtpserver: SMTP Service handler connection timeout is: 360000
06/11/11 20:00:30 INFO  smtpserver: SMTP Service connection backlog is: 5
06/11/11 20:00:30 INFO  smtpserver: SMTP Service will allow a maximum of 30 connections.
06/11/11 20:00:30 INFO  smtpserver: This SMTP server does not require authentication.
06/11/11 20:00:30 INFO  smtpserver: Authorized addresses: [127.0.0.0/255.0.0.0]
06/11/11 20:00:30 INFO  smtpserver: No maximum message size is enforced for this server.
06/11/11 20:00:30 INFO  smtpserver: The idle timeout will be reset every 20480 bytes.
06/11/11 20:00:30 INFO  smtpserver: Added Commandhandler: org.apache.james.smtpserver.VrfyCmdHandler
06/11/11 20:00:30 INFO  smtpserver: Added Commandhandler: org.apache.james.smtpserver.AuthCmdHandler
06/11/11 20:00:30 INFO  smtpserver: Added Commandhandler: org.apache.james.smtpserver.QuitCmdHandler
06/11/11 20:00:30 INFO  smtpserver: Added Commandhandler: org.apache.james.smtpserver.HelpCmdHandler
06/11/11 20:00:30 INFO  smtpserver: Added Commandhandler: org.apache.james.smtpserver.HeloCmdHandler
06/11/11 20:00:30 INFO  smtpserver: Added Commandhandler: org.apache.james.smtpserver.MailCmdHandler
06/11/11 20:00:30 INFO  smtpserver: Added Commandhandler: org.apache.james.smtpserver.DataCmdHandler
06/11/11 20:00:30 INFO  smtpserver: Added Commandhandler: org.apache.james.smtpserver.RcptCmdHandler
06/11/11 20:00:30 INFO  smtpserver: Added Commandhandler: org.apache.james.smtpserver.EhloCmdHandler
06/11/11 20:00:30 INFO  smtpserver: Added MessageHandler: org.apache.james.smtpserver.SendMailHandler
06/11/11 20:00:30 INFO  smtpserver: Added Commandhandler: org.apache.james.smtpserver.NoopCmdHandler
06/11/11 20:00:30 INFO  smtpserver: Added Commandhandler: org.apache.james.smtpserver.ExpnCmdHandler
06/11/11 20:00:30 INFO  smtpserver: Added Commandhandler: org.apache.james.smtpserver.RsetCmdHandler
06/11/11 20:00:30 INFO  smtpserver: SMTP Service started plain:25
06/11/11 20:00:38 INFO  smtpserver: Connection from 0:0:0:0:0:0:0:1 (0:0:0:0:0:0:0:1)
06/11/11 20:01:30 INFO  smtpserver: Successfully spooled mail Mail1320631290409-0 from ulloamagallanes@gmail.com on 0:0:0:0:0:0:0:1 for [eulloamagallanes@gmail.com]
