08/11/11 11:39:14 INFO  smtpserver: SMTP Service uses default thread group.
08/11/11 11:39:14 INFO  smtpserver: SMTP Service is running on: Eddie-VAIO
08/11/11 11:39:14 INFO  smtpserver: SMTP Service handler hello name is: Eddie-VAIO
08/11/11 11:39:14 INFO  smtpserver: SMTP Service handler connection timeout is: 360000
08/11/11 11:39:14 INFO  smtpserver: SMTP Service connection backlog is: 5
08/11/11 11:39:14 INFO  smtpserver: SMTP Service will allow a maximum of 30 connections.
08/11/11 11:39:14 INFO  smtpserver: This SMTP server does not require authentication.
08/11/11 11:39:14 INFO  smtpserver: Authorized addresses: [127.0.0.0/255.0.0.0]
08/11/11 11:39:14 INFO  smtpserver: No maximum message size is enforced for this server.
08/11/11 11:39:14 INFO  smtpserver: The idle timeout will be reset every 20480 bytes.
08/11/11 11:39:14 INFO  smtpserver: Added Commandhandler: org.apache.james.smtpserver.VrfyCmdHandler
08/11/11 11:39:14 INFO  smtpserver: Added Commandhandler: org.apache.james.smtpserver.AuthCmdHandler
08/11/11 11:39:14 INFO  smtpserver: Added Commandhandler: org.apache.james.smtpserver.QuitCmdHandler
08/11/11 11:39:14 INFO  smtpserver: Added Commandhandler: org.apache.james.smtpserver.HelpCmdHandler
08/11/11 11:39:14 INFO  smtpserver: Added Commandhandler: org.apache.james.smtpserver.HeloCmdHandler
08/11/11 11:39:14 INFO  smtpserver: Added Commandhandler: org.apache.james.smtpserver.MailCmdHandler
08/11/11 11:39:14 INFO  smtpserver: Added Commandhandler: org.apache.james.smtpserver.DataCmdHandler
08/11/11 11:39:14 INFO  smtpserver: Added Commandhandler: org.apache.james.smtpserver.RcptCmdHandler
08/11/11 11:39:14 INFO  smtpserver: Added Commandhandler: org.apache.james.smtpserver.EhloCmdHandler
08/11/11 11:39:14 INFO  smtpserver: Added MessageHandler: org.apache.james.smtpserver.SendMailHandler
08/11/11 11:39:14 INFO  smtpserver: Added Commandhandler: org.apache.james.smtpserver.NoopCmdHandler
08/11/11 11:39:14 INFO  smtpserver: Added Commandhandler: org.apache.james.smtpserver.ExpnCmdHandler
08/11/11 11:39:14 INFO  smtpserver: Added Commandhandler: org.apache.james.smtpserver.RsetCmdHandler
08/11/11 11:39:14 INFO  smtpserver: SMTP Service started plain:25
08/11/11 11:41:53 INFO  smtpserver: Connection from 127.0.0.1 (127.0.0.1)
08/11/11 11:41:53 INFO  smtpserver: Successfully spooled mail Mail1320774113371-0 from red@localhost on 127.0.0.1 for [a00796570@itesm.mx]
