02/11/11 08:56:42 INFO  smtpserver: SMTP Service uses default thread group.
02/11/11 08:56:42 INFO  smtpserver: SMTP Service is running on: Eddie-VAIO
02/11/11 08:56:42 INFO  smtpserver: SMTP Service handler hello name is: Eddie-VAIO
02/11/11 08:56:42 INFO  smtpserver: SMTP Service handler connection timeout is: 360000
02/11/11 08:56:42 INFO  smtpserver: SMTP Service connection backlog is: 5
02/11/11 08:56:42 INFO  smtpserver: SMTP Service will allow a maximum of 30 connections.
02/11/11 08:56:42 INFO  smtpserver: This SMTP server does not require authentication.
02/11/11 08:56:42 INFO  smtpserver: Authorized addresses: [127.0.0.0/255.0.0.0]
02/11/11 08:56:42 INFO  smtpserver: No maximum message size is enforced for this server.
02/11/11 08:56:42 INFO  smtpserver: The idle timeout will be reset every 20480 bytes.
02/11/11 08:56:42 INFO  smtpserver: Added Commandhandler: org.apache.james.smtpserver.VrfyCmdHandler
02/11/11 08:56:42 INFO  smtpserver: Added Commandhandler: org.apache.james.smtpserver.AuthCmdHandler
02/11/11 08:56:42 INFO  smtpserver: Added Commandhandler: org.apache.james.smtpserver.QuitCmdHandler
02/11/11 08:56:42 INFO  smtpserver: Added Commandhandler: org.apache.james.smtpserver.HelpCmdHandler
02/11/11 08:56:42 INFO  smtpserver: Added Commandhandler: org.apache.james.smtpserver.HeloCmdHandler
02/11/11 08:56:42 INFO  smtpserver: Added Commandhandler: org.apache.james.smtpserver.MailCmdHandler
02/11/11 08:56:42 INFO  smtpserver: Added Commandhandler: org.apache.james.smtpserver.DataCmdHandler
02/11/11 08:56:42 INFO  smtpserver: Added Commandhandler: org.apache.james.smtpserver.RcptCmdHandler
02/11/11 08:56:42 INFO  smtpserver: Added Commandhandler: org.apache.james.smtpserver.EhloCmdHandler
02/11/11 08:56:42 INFO  smtpserver: Added MessageHandler: org.apache.james.smtpserver.SendMailHandler
02/11/11 08:56:42 INFO  smtpserver: Added Commandhandler: org.apache.james.smtpserver.NoopCmdHandler
02/11/11 08:56:42 INFO  smtpserver: Added Commandhandler: org.apache.james.smtpserver.ExpnCmdHandler
02/11/11 08:56:42 INFO  smtpserver: Added Commandhandler: org.apache.james.smtpserver.RsetCmdHandler
02/11/11 08:56:42 INFO  smtpserver: SMTP Service started plain:25
