24/11/11 09:25:40 INFO  smtpserver: SMTP Service uses default thread group.
24/11/11 09:25:40 INFO  smtpserver: SMTP Service is running on: Eddie-VAIO
24/11/11 09:25:40 INFO  smtpserver: SMTP Service handler hello name is: Eddie-VAIO
24/11/11 09:25:40 INFO  smtpserver: SMTP Service handler connection timeout is: 360000
24/11/11 09:25:40 INFO  smtpserver: SMTP Service connection backlog is: 5
24/11/11 09:25:40 INFO  smtpserver: SMTP Service will allow a maximum of 30 connections.
24/11/11 09:25:40 INFO  smtpserver: This SMTP server does not require authentication.
24/11/11 09:25:40 INFO  smtpserver: Authorized addresses: [127.0.0.0/255.0.0.0]
24/11/11 09:25:40 INFO  smtpserver: No maximum message size is enforced for this server.
24/11/11 09:25:40 INFO  smtpserver: The idle timeout will be reset every 20480 bytes.
24/11/11 09:25:40 INFO  smtpserver: Added Commandhandler: org.apache.james.smtpserver.VrfyCmdHandler
24/11/11 09:25:40 INFO  smtpserver: Added Commandhandler: org.apache.james.smtpserver.AuthCmdHandler
24/11/11 09:25:40 INFO  smtpserver: Added Commandhandler: org.apache.james.smtpserver.QuitCmdHandler
24/11/11 09:25:40 INFO  smtpserver: Added Commandhandler: org.apache.james.smtpserver.HelpCmdHandler
24/11/11 09:25:40 INFO  smtpserver: Added Commandhandler: org.apache.james.smtpserver.HeloCmdHandler
24/11/11 09:25:40 INFO  smtpserver: Added Commandhandler: org.apache.james.smtpserver.MailCmdHandler
24/11/11 09:25:40 INFO  smtpserver: Added Commandhandler: org.apache.james.smtpserver.DataCmdHandler
24/11/11 09:25:40 INFO  smtpserver: Added Commandhandler: org.apache.james.smtpserver.RcptCmdHandler
24/11/11 09:25:40 INFO  smtpserver: Added Commandhandler: org.apache.james.smtpserver.EhloCmdHandler
24/11/11 09:25:40 INFO  smtpserver: Added MessageHandler: org.apache.james.smtpserver.SendMailHandler
24/11/11 09:25:40 INFO  smtpserver: Added Commandhandler: org.apache.james.smtpserver.NoopCmdHandler
24/11/11 09:25:40 INFO  smtpserver: Added Commandhandler: org.apache.james.smtpserver.ExpnCmdHandler
24/11/11 09:25:40 INFO  smtpserver: Added Commandhandler: org.apache.james.smtpserver.RsetCmdHandler
24/11/11 09:25:40 INFO  smtpserver: SMTP Service started plain:25
