07/11/11 09:26:55 INFO  smtpserver: SMTP Service uses default thread group.
07/11/11 09:26:55 INFO  smtpserver: SMTP Service is running on: Eddie-VAIO
07/11/11 09:26:55 INFO  smtpserver: SMTP Service handler hello name is: Eddie-VAIO
07/11/11 09:26:55 INFO  smtpserver: SMTP Service handler connection timeout is: 360000
07/11/11 09:26:55 INFO  smtpserver: SMTP Service connection backlog is: 5
07/11/11 09:26:55 INFO  smtpserver: SMTP Service will allow a maximum of 30 connections.
07/11/11 09:26:55 INFO  smtpserver: This SMTP server does not require authentication.
07/11/11 09:26:55 INFO  smtpserver: Authorized addresses: [127.0.0.0/255.0.0.0]
07/11/11 09:26:55 INFO  smtpserver: No maximum message size is enforced for this server.
07/11/11 09:26:55 INFO  smtpserver: The idle timeout will be reset every 20480 bytes.
07/11/11 09:26:55 INFO  smtpserver: Added Commandhandler: org.apache.james.smtpserver.VrfyCmdHandler
07/11/11 09:26:55 INFO  smtpserver: Added Commandhandler: org.apache.james.smtpserver.AuthCmdHandler
07/11/11 09:26:55 INFO  smtpserver: Added Commandhandler: org.apache.james.smtpserver.QuitCmdHandler
07/11/11 09:26:55 INFO  smtpserver: Added Commandhandler: org.apache.james.smtpserver.HelpCmdHandler
07/11/11 09:26:55 INFO  smtpserver: Added Commandhandler: org.apache.james.smtpserver.HeloCmdHandler
07/11/11 09:26:55 INFO  smtpserver: Added Commandhandler: org.apache.james.smtpserver.MailCmdHandler
07/11/11 09:26:55 INFO  smtpserver: Added Commandhandler: org.apache.james.smtpserver.DataCmdHandler
07/11/11 09:26:55 INFO  smtpserver: Added Commandhandler: org.apache.james.smtpserver.RcptCmdHandler
07/11/11 09:26:55 INFO  smtpserver: Added Commandhandler: org.apache.james.smtpserver.EhloCmdHandler
07/11/11 09:26:55 INFO  smtpserver: Added MessageHandler: org.apache.james.smtpserver.SendMailHandler
07/11/11 09:26:55 INFO  smtpserver: Added Commandhandler: org.apache.james.smtpserver.NoopCmdHandler
07/11/11 09:26:55 INFO  smtpserver: Added Commandhandler: org.apache.james.smtpserver.ExpnCmdHandler
07/11/11 09:26:55 INFO  smtpserver: Added Commandhandler: org.apache.james.smtpserver.RsetCmdHandler
07/11/11 09:26:55 INFO  smtpserver: SMTP Service started plain:25
07/11/11 09:27:27 INFO  smtpserver: Connection from 0:0:0:0:0:0:0:1 (0:0:0:0:0:0:0:1)
07/11/11 09:28:26 ERROR smtpserver: Rejected message - 0:0:0:0:0:0:0:1 not authorized to relay to gmail.com [to:ulloamagallanes@gmail.com] [from:red@eddieman.com]
07/11/11 09:33:26 ERROR smtpserver: Socket to 0:0:0:0:0:0:0:1 (0:0:0:0:0:0:0:1) timeout.
java.net.SocketTimeoutException: Read timed out
	at java.net.SocketInputStream.socketRead0(Native Method)
	at java.net.SocketInputStream.read(Unknown Source)
	at java.net.SocketInputStream.read(Unknown Source)
	at java.io.BufferedInputStream.fill(Unknown Source)
	at java.io.BufferedInputStream.read(Unknown Source)
	at org.apache.james.util.CRLFTerminatedReader.read(CRLFTerminatedReader.java:153)
	at org.apache.james.util.CRLFTerminatedReader.readLine(CRLFTerminatedReader.java:113)
	at org.apache.james.smtpserver.SMTPHandler.readCommandLine(SMTPHandler.java:751)
	at org.apache.james.smtpserver.SMTPHandler.handleConnection(SMTPHandler.java:372)
	at org.apache.james.util.connection.ServerConnection$ClientConnectionRunner.run(ServerConnection.java:432)
	at org.apache.excalibur.thread.impl.ExecutableRunnable.execute(ExecutableRunnable.java:55)
	at org.apache.excalibur.thread.impl.WorkerThread.run(WorkerThread.java:116)
