29/11/11 10:33:27 INFO  spoolmanager: JamesSpoolManager init...
29/11/11 10:33:27 INFO  spoolmanager: Matcher All instantiated.
29/11/11 10:33:27 INFO  spoolmanager: Mailet PostmasterAlias instantiated.
29/11/11 10:33:27 INFO  spoolmanager: Matcher RelayLimit=30 instantiated.
29/11/11 10:33:27 INFO  spoolmanager: Mailet Null instantiated.
29/11/11 10:33:27 INFO  spoolmanager: Matcher HasMailAttributeWithValue=org.apache.james.infected, true instantiated.
29/11/11 10:33:27 INFO  spoolmanager: Mailet ToProcessor instantiated.
29/11/11 10:33:27 INFO  spoolmanager: Matcher HasMailAttribute=spamChecked instantiated.
29/11/11 10:33:27 INFO  spoolmanager: Mailet ToProcessor instantiated.
29/11/11 10:33:27 INFO  spoolmanager: Matcher All instantiated.
29/11/11 10:33:27 INFO  spoolmanager: Mailet SetMailAttribute instantiated.
29/11/11 10:33:27 INFO  spoolmanager: Matcher SMTPAuthSuccessful instantiated.
29/11/11 10:33:27 INFO  spoolmanager: Mailet ToProcessor instantiated.
29/11/11 10:33:27 INFO  spoolmanager: Matcher InSpammerBlacklist=query.bondedsender.org. instantiated.
29/11/11 10:33:27 INFO  spoolmanager: Mailet ToProcessor instantiated.
29/11/11 10:33:27 INFO  spoolmanager: Matcher InSpammerBlacklist=dnsbl.njabl.org. instantiated.
29/11/11 10:33:27 INFO  spoolmanager: Mailet ToProcessor instantiated.
29/11/11 10:33:27 INFO  spoolmanager: Matcher All instantiated.
29/11/11 10:33:27 INFO  spoolmanager: Mailet ToProcessor instantiated.
29/11/11 10:33:27 INFO  spoolmanager: Processor root instantiated.
29/11/11 10:33:27 INFO  spoolmanager: Matcher All instantiated.
29/11/11 10:33:27 INFO  spoolmanager: Mailet ToRepository instantiated.
29/11/11 10:33:27 INFO  spoolmanager: Processor error instantiated.
29/11/11 10:33:27 INFO  spoolmanager: Matcher SMTPAuthSuccessful instantiated.
29/11/11 10:33:27 INFO  spoolmanager: Mailet SetMimeHeader instantiated.
29/11/11 10:33:27 INFO  spoolmanager: Matcher HasMailAttribute=org.apache.james.SMIMECheckSignature instantiated.
29/11/11 10:33:27 INFO  spoolmanager: Mailet SetMimeHeader instantiated.
29/11/11 10:33:27 INFO  spoolmanager: Matcher RecipientIsLocal instantiated.
29/11/11 10:33:27 INFO  spoolmanager: Mailet LocalDelivery instantiated.
29/11/11 10:33:27 INFO  spoolmanager: Matcher HostIsLocal instantiated.
29/11/11 10:33:27 INFO  spoolmanager: Mailet ToProcessor instantiated.
29/11/11 10:33:27 INFO  spoolmanager: Matcher All instantiated.
29/11/11 10:33:27 INFO  spoolmanager: Mailet RemoteDelivery instantiated.
29/11/11 10:33:27 INFO  spoolmanager: Processor transport instantiated.
29/11/11 10:33:27 INFO  spoolmanager: Matcher All instantiated.
29/11/11 10:33:27 INFO  spoolmanager: Mailet ToRepository instantiated.
29/11/11 10:33:27 INFO  spoolmanager: Processor spam instantiated.
29/11/11 10:33:27 INFO  spoolmanager: Matcher All instantiated.
29/11/11 10:33:27 INFO  spoolmanager: Mailet SetMailAttribute instantiated.
29/11/11 10:33:27 INFO  spoolmanager: Matcher SMTPAuthSuccessful instantiated.
29/11/11 10:33:27 INFO  spoolmanager: Mailet Bounce instantiated.
29/11/11 10:33:27 INFO  spoolmanager: Matcher All instantiated.
29/11/11 10:33:27 INFO  spoolmanager: Mailet Null instantiated.
29/11/11 10:33:27 INFO  spoolmanager: Processor virus instantiated.
29/11/11 10:33:27 INFO  spoolmanager: Matcher All instantiated.
29/11/11 10:33:27 INFO  spoolmanager: Mailet ToRepository instantiated.
29/11/11 10:33:27 INFO  spoolmanager: Processor local-address-error instantiated.
29/11/11 10:33:27 INFO  spoolmanager: Matcher All instantiated.
29/11/11 10:33:27 INFO  spoolmanager: Mailet ToRepository instantiated.
29/11/11 10:33:27 INFO  spoolmanager: Processor relay-denied instantiated.
29/11/11 10:33:27 INFO  spoolmanager: Matcher All instantiated.
29/11/11 10:33:27 INFO  spoolmanager: Mailet DSNBounce instantiated.
29/11/11 10:33:27 INFO  spoolmanager: Processor bounces instantiated.
29/11/11 10:33:27 INFO  spoolmanager: Spooler Manager uses 10 Thread(s)
29/11/11 10:33:27 INFO  spoolmanager: Run JamesSpoolManager: Spool Thread #0
29/11/11 10:33:27 INFO  spoolmanager: Run JamesSpoolManager: Spool Thread #2
29/11/11 10:33:27 INFO  spoolmanager: Run JamesSpoolManager: Spool Thread #3
29/11/11 10:33:27 INFO  spoolmanager: Spool=$Proxy5
29/11/11 10:33:27 INFO  spoolmanager: Run JamesSpoolManager: Spool Thread #4
29/11/11 10:33:27 INFO  spoolmanager: Spool=$Proxy5
29/11/11 10:33:27 INFO  spoolmanager: Run JamesSpoolManager: Spool Thread #5
29/11/11 10:33:27 INFO  spoolmanager: Spool=$Proxy5
29/11/11 10:33:27 INFO  spoolmanager: Run JamesSpoolManager: Spool Thread #1
29/11/11 10:33:27 INFO  spoolmanager: Spool=$Proxy5
29/11/11 10:33:27 INFO  spoolmanager: Run JamesSpoolManager: Spool Thread #6
29/11/11 10:33:27 INFO  spoolmanager: Spool=$Proxy5
29/11/11 10:33:27 INFO  spoolmanager: Spool=$Proxy5
29/11/11 10:33:27 INFO  spoolmanager: Spool=$Proxy5
29/11/11 10:33:27 INFO  spoolmanager: Run JamesSpoolManager: Spool Thread #8
29/11/11 10:33:27 INFO  spoolmanager: Run JamesSpoolManager: Spool Thread #7
29/11/11 10:33:27 INFO  spoolmanager: Spool=$Proxy5
29/11/11 10:33:27 INFO  spoolmanager: Run JamesSpoolManager: Spool Thread #9
29/11/11 10:33:27 INFO  spoolmanager: Spool=$Proxy5
29/11/11 10:33:27 INFO  spoolmanager: Spool=$Proxy5
29/11/11 10:59:45 INFO  spoolmanager: JamesSpoolManager dispose...
29/11/11 10:59:45 INFO  spoolmanager: Interrupted JamesSpoolManager: Spool Thread #1
29/11/11 10:59:45 INFO  spoolmanager: Interrupted JamesSpoolManager: Spool Thread #3
29/11/11 10:59:45 INFO  spoolmanager: Stop JamesSpoolManager: Spool Thread #3
29/11/11 10:59:45 INFO  spoolmanager: Interrupted JamesSpoolManager: Spool Thread #4
29/11/11 10:59:45 INFO  spoolmanager: Interrupted JamesSpoolManager: Spool Thread #0
29/11/11 10:59:45 INFO  spoolmanager: Stop JamesSpoolManager: Spool Thread #0
29/11/11 10:59:45 INFO  spoolmanager: Stop JamesSpoolManager: Spool Thread #4
29/11/11 10:59:45 INFO  spoolmanager: Interrupted JamesSpoolManager: Spool Thread #2
29/11/11 10:59:45 INFO  spoolmanager: Stop JamesSpoolManager: Spool Thread #2
29/11/11 10:59:45 INFO  spoolmanager: Interrupted JamesSpoolManager: Spool Thread #9
29/11/11 10:59:45 INFO  spoolmanager: Stop JamesSpoolManager: Spool Thread #9
29/11/11 10:59:45 INFO  spoolmanager: Stop JamesSpoolManager: Spool Thread #1
29/11/11 10:59:45 INFO  spoolmanager: Interrupted JamesSpoolManager: Spool Thread #8
29/11/11 10:59:45 INFO  spoolmanager: Stop JamesSpoolManager: Spool Thread #8
29/11/11 10:59:45 INFO  spoolmanager: Interrupted JamesSpoolManager: Spool Thread #7
29/11/11 10:59:45 INFO  spoolmanager: Stop JamesSpoolManager: Spool Thread #7
29/11/11 10:59:45 INFO  spoolmanager: Interrupted JamesSpoolManager: Spool Thread #6
29/11/11 10:59:45 INFO  spoolmanager: Stop JamesSpoolManager: Spool Thread #6
29/11/11 10:59:45 INFO  spoolmanager: Interrupted JamesSpoolManager: Spool Thread #5
29/11/11 10:59:45 INFO  spoolmanager: Stop JamesSpoolManager: Spool Thread #5
29/11/11 10:59:46 INFO  spoolmanager: JamesSpoolManager thread shutdown completed.
