06/11/11 19:57:17 INFO  spoolmanager: JamesSpoolManager init...
06/11/11 19:57:17 INFO  spoolmanager: Matcher All instantiated.
06/11/11 19:57:17 INFO  spoolmanager: Mailet PostmasterAlias instantiated.
06/11/11 19:57:17 INFO  spoolmanager: Matcher RelayLimit=30 instantiated.
06/11/11 19:57:17 INFO  spoolmanager: Mailet Null instantiated.
06/11/11 19:57:17 INFO  spoolmanager: Matcher HasMailAttributeWithValue=org.apache.james.infected, true instantiated.
06/11/11 19:57:17 INFO  spoolmanager: Mailet ToProcessor instantiated.
06/11/11 19:57:17 INFO  spoolmanager: Matcher HasMailAttribute=spamChecked instantiated.
06/11/11 19:57:17 INFO  spoolmanager: Mailet ToProcessor instantiated.
06/11/11 19:57:17 INFO  spoolmanager: Matcher All instantiated.
06/11/11 19:57:17 INFO  spoolmanager: Mailet SetMailAttribute instantiated.
06/11/11 19:57:17 INFO  spoolmanager: Matcher SMTPAuthSuccessful instantiated.
06/11/11 19:57:17 INFO  spoolmanager: Mailet ToProcessor instantiated.
06/11/11 19:57:17 INFO  spoolmanager: Matcher InSpammerBlacklist=query.bondedsender.org. instantiated.
06/11/11 19:57:17 INFO  spoolmanager: Mailet ToProcessor instantiated.
06/11/11 19:57:17 INFO  spoolmanager: Matcher InSpammerBlacklist=dnsbl.njabl.org. instantiated.
06/11/11 19:57:17 INFO  spoolmanager: Mailet ToProcessor instantiated.
06/11/11 19:57:17 INFO  spoolmanager: Matcher All instantiated.
06/11/11 19:57:17 INFO  spoolmanager: Mailet ToProcessor instantiated.
06/11/11 19:57:17 INFO  spoolmanager: Processor root instantiated.
06/11/11 19:57:17 INFO  spoolmanager: Matcher All instantiated.
06/11/11 19:57:17 INFO  spoolmanager: Mailet ToRepository instantiated.
06/11/11 19:57:17 INFO  spoolmanager: Processor error instantiated.
06/11/11 19:57:17 INFO  spoolmanager: Matcher SMTPAuthSuccessful instantiated.
06/11/11 19:57:17 INFO  spoolmanager: Mailet SetMimeHeader instantiated.
06/11/11 19:57:17 INFO  spoolmanager: Matcher HasMailAttribute=org.apache.james.SMIMECheckSignature instantiated.
06/11/11 19:57:17 INFO  spoolmanager: Mailet SetMimeHeader instantiated.
06/11/11 19:57:17 INFO  spoolmanager: Matcher RecipientIsLocal instantiated.
06/11/11 19:57:17 INFO  spoolmanager: Mailet LocalDelivery instantiated.
06/11/11 19:57:17 INFO  spoolmanager: Matcher HostIsLocal instantiated.
06/11/11 19:57:17 INFO  spoolmanager: Mailet ToProcessor instantiated.
06/11/11 19:57:17 INFO  spoolmanager: Matcher All instantiated.
06/11/11 19:57:17 INFO  spoolmanager: Mailet RemoteDelivery instantiated.
06/11/11 19:57:17 INFO  spoolmanager: Processor transport instantiated.
06/11/11 19:57:17 INFO  spoolmanager: Matcher All instantiated.
06/11/11 19:57:17 INFO  spoolmanager: Mailet ToRepository instantiated.
06/11/11 19:57:17 INFO  spoolmanager: Processor spam instantiated.
06/11/11 19:57:17 INFO  spoolmanager: Matcher All instantiated.
06/11/11 19:57:17 INFO  spoolmanager: Mailet SetMailAttribute instantiated.
06/11/11 19:57:17 INFO  spoolmanager: Matcher SMTPAuthSuccessful instantiated.
06/11/11 19:57:17 INFO  spoolmanager: Mailet Bounce instantiated.
06/11/11 19:57:17 INFO  spoolmanager: Matcher All instantiated.
06/11/11 19:57:17 INFO  spoolmanager: Mailet Null instantiated.
06/11/11 19:57:17 INFO  spoolmanager: Processor virus instantiated.
06/11/11 19:57:17 INFO  spoolmanager: Matcher All instantiated.
06/11/11 19:57:17 INFO  spoolmanager: Mailet ToRepository instantiated.
06/11/11 19:57:17 INFO  spoolmanager: Processor local-address-error instantiated.
06/11/11 19:57:17 INFO  spoolmanager: Matcher All instantiated.
06/11/11 19:57:17 INFO  spoolmanager: Mailet ToRepository instantiated.
06/11/11 19:57:17 INFO  spoolmanager: Processor relay-denied instantiated.
06/11/11 19:57:17 INFO  spoolmanager: Matcher All instantiated.
06/11/11 19:57:17 INFO  spoolmanager: Mailet DSNBounce instantiated.
06/11/11 19:57:17 INFO  spoolmanager: Processor bounces instantiated.
06/11/11 19:57:17 INFO  spoolmanager: Spooler Manager uses 10 Thread(s)
06/11/11 19:57:17 INFO  spoolmanager: Run JamesSpoolManager: Spool Thread #0
06/11/11 19:57:17 INFO  spoolmanager: Spool=$Proxy5
06/11/11 19:57:17 INFO  spoolmanager: Run JamesSpoolManager: Spool Thread #1
06/11/11 19:57:17 INFO  spoolmanager: Spool=$Proxy5
06/11/11 19:57:17 INFO  spoolmanager: Run JamesSpoolManager: Spool Thread #2
06/11/11 19:57:17 INFO  spoolmanager: Spool=$Proxy5
06/11/11 19:57:17 INFO  spoolmanager: Run JamesSpoolManager: Spool Thread #3
06/11/11 19:57:17 INFO  spoolmanager: Spool=$Proxy5
06/11/11 19:57:17 INFO  spoolmanager: Run JamesSpoolManager: Spool Thread #4
06/11/11 19:57:17 INFO  spoolmanager: Spool=$Proxy5
06/11/11 19:57:17 INFO  spoolmanager: Run JamesSpoolManager: Spool Thread #6
06/11/11 19:57:17 INFO  spoolmanager: Spool=$Proxy5
06/11/11 19:57:17 INFO  spoolmanager: Run JamesSpoolManager: Spool Thread #5
06/11/11 19:57:17 INFO  spoolmanager: Spool=$Proxy5
06/11/11 19:57:17 INFO  spoolmanager: Run JamesSpoolManager: Spool Thread #7
06/11/11 19:57:17 INFO  spoolmanager: Spool=$Proxy5
06/11/11 19:57:17 INFO  spoolmanager: Run JamesSpoolManager: Spool Thread #8
06/11/11 19:57:17 INFO  spoolmanager: Spool=$Proxy5
06/11/11 19:57:17 INFO  spoolmanager: Run JamesSpoolManager: Spool Thread #9
06/11/11 19:57:17 INFO  spoolmanager: Spool=$Proxy5
