28/11/11 10:20:18 INFO  spoolmanager: JamesSpoolManager init...
28/11/11 10:20:18 INFO  spoolmanager: Matcher All instantiated.
28/11/11 10:20:18 INFO  spoolmanager: Mailet PostmasterAlias instantiated.
28/11/11 10:20:18 INFO  spoolmanager: Matcher RelayLimit=30 instantiated.
28/11/11 10:20:18 INFO  spoolmanager: Mailet Null instantiated.
28/11/11 10:20:18 INFO  spoolmanager: Matcher HasMailAttributeWithValue=org.apache.james.infected, true instantiated.
28/11/11 10:20:18 INFO  spoolmanager: Mailet ToProcessor instantiated.
28/11/11 10:20:18 INFO  spoolmanager: Matcher HasMailAttribute=spamChecked instantiated.
28/11/11 10:20:18 INFO  spoolmanager: Mailet ToProcessor instantiated.
28/11/11 10:20:18 INFO  spoolmanager: Matcher All instantiated.
28/11/11 10:20:18 INFO  spoolmanager: Mailet SetMailAttribute instantiated.
28/11/11 10:20:18 INFO  spoolmanager: Matcher SMTPAuthSuccessful instantiated.
28/11/11 10:20:18 INFO  spoolmanager: Mailet ToProcessor instantiated.
28/11/11 10:20:18 INFO  spoolmanager: Matcher InSpammerBlacklist=query.bondedsender.org. instantiated.
28/11/11 10:20:18 INFO  spoolmanager: Mailet ToProcessor instantiated.
28/11/11 10:20:18 INFO  spoolmanager: Matcher InSpammerBlacklist=dnsbl.njabl.org. instantiated.
28/11/11 10:20:18 INFO  spoolmanager: Mailet ToProcessor instantiated.
28/11/11 10:20:18 INFO  spoolmanager: Matcher All instantiated.
28/11/11 10:20:18 INFO  spoolmanager: Mailet ToProcessor instantiated.
28/11/11 10:20:18 INFO  spoolmanager: Processor root instantiated.
28/11/11 10:20:18 INFO  spoolmanager: Matcher All instantiated.
28/11/11 10:20:18 INFO  spoolmanager: Mailet ToRepository instantiated.
28/11/11 10:20:18 INFO  spoolmanager: Processor error instantiated.
28/11/11 10:20:18 INFO  spoolmanager: Matcher SMTPAuthSuccessful instantiated.
28/11/11 10:20:18 INFO  spoolmanager: Mailet SetMimeHeader instantiated.
28/11/11 10:20:18 INFO  spoolmanager: Matcher HasMailAttribute=org.apache.james.SMIMECheckSignature instantiated.
28/11/11 10:20:18 INFO  spoolmanager: Mailet SetMimeHeader instantiated.
28/11/11 10:20:18 INFO  spoolmanager: Matcher RecipientIsLocal instantiated.
28/11/11 10:20:18 INFO  spoolmanager: Mailet LocalDelivery instantiated.
28/11/11 10:20:18 INFO  spoolmanager: Matcher HostIsLocal instantiated.
28/11/11 10:20:18 INFO  spoolmanager: Mailet ToProcessor instantiated.
28/11/11 10:20:18 INFO  spoolmanager: Matcher All instantiated.
28/11/11 10:20:18 INFO  spoolmanager: Mailet RemoteDelivery instantiated.
28/11/11 10:20:18 INFO  spoolmanager: Processor transport instantiated.
28/11/11 10:20:18 INFO  spoolmanager: Matcher All instantiated.
28/11/11 10:20:18 INFO  spoolmanager: Mailet ToRepository instantiated.
28/11/11 10:20:18 INFO  spoolmanager: Processor spam instantiated.
28/11/11 10:20:18 INFO  spoolmanager: Matcher All instantiated.
28/11/11 10:20:18 INFO  spoolmanager: Mailet SetMailAttribute instantiated.
28/11/11 10:20:18 INFO  spoolmanager: Matcher SMTPAuthSuccessful instantiated.
28/11/11 10:20:18 INFO  spoolmanager: Mailet Bounce instantiated.
28/11/11 10:20:18 INFO  spoolmanager: Matcher All instantiated.
28/11/11 10:20:18 INFO  spoolmanager: Mailet Null instantiated.
28/11/11 10:20:18 INFO  spoolmanager: Processor virus instantiated.
28/11/11 10:20:18 INFO  spoolmanager: Matcher All instantiated.
28/11/11 10:20:19 INFO  spoolmanager: Mailet ToRepository instantiated.
28/11/11 10:20:19 INFO  spoolmanager: Processor local-address-error instantiated.
28/11/11 10:20:19 INFO  spoolmanager: Matcher All instantiated.
28/11/11 10:20:19 INFO  spoolmanager: Mailet ToRepository instantiated.
28/11/11 10:20:19 INFO  spoolmanager: Processor relay-denied instantiated.
28/11/11 10:20:19 INFO  spoolmanager: Matcher All instantiated.
28/11/11 10:20:19 INFO  spoolmanager: Mailet DSNBounce instantiated.
28/11/11 10:20:19 INFO  spoolmanager: Processor bounces instantiated.
28/11/11 10:20:19 INFO  spoolmanager: Spooler Manager uses 10 Thread(s)
28/11/11 10:20:19 INFO  spoolmanager: Run JamesSpoolManager: Spool Thread #0
28/11/11 10:20:19 INFO  spoolmanager: Spool=$Proxy5
28/11/11 10:20:19 INFO  spoolmanager: Run JamesSpoolManager: Spool Thread #1
28/11/11 10:20:19 INFO  spoolmanager: Spool=$Proxy5
28/11/11 10:20:19 INFO  spoolmanager: Run JamesSpoolManager: Spool Thread #2
28/11/11 10:20:19 INFO  spoolmanager: Spool=$Proxy5
28/11/11 10:20:19 INFO  spoolmanager: Run JamesSpoolManager: Spool Thread #5
28/11/11 10:20:19 INFO  spoolmanager: Spool=$Proxy5
28/11/11 10:20:19 INFO  spoolmanager: Run JamesSpoolManager: Spool Thread #6
28/11/11 10:20:19 INFO  spoolmanager: Spool=$Proxy5
28/11/11 10:20:19 INFO  spoolmanager: Run JamesSpoolManager: Spool Thread #7
28/11/11 10:20:19 INFO  spoolmanager: Spool=$Proxy5
28/11/11 10:20:19 INFO  spoolmanager: Run JamesSpoolManager: Spool Thread #4
28/11/11 10:20:19 INFO  spoolmanager: Spool=$Proxy5
28/11/11 10:20:19 INFO  spoolmanager: Run JamesSpoolManager: Spool Thread #3
28/11/11 10:20:19 INFO  spoolmanager: Spool=$Proxy5
28/11/11 10:20:19 INFO  spoolmanager: Run JamesSpoolManager: Spool Thread #8
28/11/11 10:20:19 INFO  spoolmanager: Spool=$Proxy5
28/11/11 10:20:19 INFO  spoolmanager: Run JamesSpoolManager: Spool Thread #9
28/11/11 10:20:19 INFO  spoolmanager: Spool=$Proxy5
28/11/11 22:11:14 INFO  spoolmanager: JamesSpoolManager dispose...
28/11/11 22:11:15 INFO  spoolmanager: Interrupted JamesSpoolManager: Spool Thread #0
28/11/11 22:11:15 INFO  spoolmanager: Stop JamesSpoolManager: Spool Thread #0
28/11/11 22:11:15 INFO  spoolmanager: Interrupted JamesSpoolManager: Spool Thread #1
28/11/11 22:11:15 INFO  spoolmanager: Stop JamesSpoolManager: Spool Thread #1
28/11/11 22:11:15 INFO  spoolmanager: Interrupted JamesSpoolManager: Spool Thread #9
28/11/11 22:11:15 INFO  spoolmanager: Stop JamesSpoolManager: Spool Thread #9
28/11/11 22:11:15 INFO  spoolmanager: Interrupted JamesSpoolManager: Spool Thread #8
28/11/11 22:11:15 INFO  spoolmanager: Stop JamesSpoolManager: Spool Thread #8
28/11/11 22:11:15 INFO  spoolmanager: Interrupted JamesSpoolManager: Spool Thread #7
28/11/11 22:11:15 INFO  spoolmanager: Stop JamesSpoolManager: Spool Thread #7
28/11/11 22:11:15 INFO  spoolmanager: Interrupted JamesSpoolManager: Spool Thread #6
28/11/11 22:11:15 INFO  spoolmanager: Interrupted JamesSpoolManager: Spool Thread #4
28/11/11 22:11:15 INFO  spoolmanager: Interrupted JamesSpoolManager: Spool Thread #5
28/11/11 22:11:15 INFO  spoolmanager: Interrupted JamesSpoolManager: Spool Thread #3
28/11/11 22:11:15 INFO  spoolmanager: Stop JamesSpoolManager: Spool Thread #3
28/11/11 22:11:15 INFO  spoolmanager: Stop JamesSpoolManager: Spool Thread #4
28/11/11 22:11:15 INFO  spoolmanager: Stop JamesSpoolManager: Spool Thread #6
28/11/11 22:11:15 INFO  spoolmanager: Interrupted JamesSpoolManager: Spool Thread #2
28/11/11 22:11:15 INFO  spoolmanager: Stop JamesSpoolManager: Spool Thread #2
28/11/11 22:11:15 INFO  spoolmanager: Stop JamesSpoolManager: Spool Thread #5
28/11/11 22:11:16 INFO  spoolmanager: JamesSpoolManager thread shutdown completed.
