02/12/11 16:10:05 INFO  spoolmanager: JamesSpoolManager init...
02/12/11 16:10:05 INFO  spoolmanager: Matcher All instantiated.
02/12/11 16:10:05 INFO  spoolmanager: Mailet PostmasterAlias instantiated.
02/12/11 16:10:05 INFO  spoolmanager: Matcher RelayLimit=30 instantiated.
02/12/11 16:10:05 INFO  spoolmanager: Mailet Null instantiated.
02/12/11 16:10:05 INFO  spoolmanager: Matcher HasMailAttributeWithValue=org.apache.james.infected, true instantiated.
02/12/11 16:10:05 INFO  spoolmanager: Mailet ToProcessor instantiated.
02/12/11 16:10:05 INFO  spoolmanager: Matcher HasMailAttribute=spamChecked instantiated.
02/12/11 16:10:05 INFO  spoolmanager: Mailet ToProcessor instantiated.
02/12/11 16:10:05 INFO  spoolmanager: Matcher All instantiated.
02/12/11 16:10:05 INFO  spoolmanager: Mailet SetMailAttribute instantiated.
02/12/11 16:10:05 INFO  spoolmanager: Matcher SMTPAuthSuccessful instantiated.
02/12/11 16:10:05 INFO  spoolmanager: Mailet ToProcessor instantiated.
02/12/11 16:10:05 INFO  spoolmanager: Matcher InSpammerBlacklist=query.bondedsender.org. instantiated.
02/12/11 16:10:05 INFO  spoolmanager: Mailet ToProcessor instantiated.
02/12/11 16:10:05 INFO  spoolmanager: Matcher InSpammerBlacklist=dnsbl.njabl.org. instantiated.
02/12/11 16:10:05 INFO  spoolmanager: Mailet ToProcessor instantiated.
02/12/11 16:10:05 INFO  spoolmanager: Matcher All instantiated.
02/12/11 16:10:05 INFO  spoolmanager: Mailet ToProcessor instantiated.
02/12/11 16:10:05 INFO  spoolmanager: Processor root instantiated.
02/12/11 16:10:05 INFO  spoolmanager: Matcher All instantiated.
02/12/11 16:10:05 INFO  spoolmanager: Mailet ToRepository instantiated.
02/12/11 16:10:05 INFO  spoolmanager: Processor error instantiated.
02/12/11 16:10:05 INFO  spoolmanager: Matcher SMTPAuthSuccessful instantiated.
02/12/11 16:10:05 INFO  spoolmanager: Mailet SetMimeHeader instantiated.
02/12/11 16:10:05 INFO  spoolmanager: Matcher HasMailAttribute=org.apache.james.SMIMECheckSignature instantiated.
02/12/11 16:10:05 INFO  spoolmanager: Mailet SetMimeHeader instantiated.
02/12/11 16:10:05 INFO  spoolmanager: Matcher RecipientIsLocal instantiated.
02/12/11 16:10:05 INFO  spoolmanager: Mailet LocalDelivery instantiated.
02/12/11 16:10:05 INFO  spoolmanager: Matcher HostIsLocal instantiated.
02/12/11 16:10:05 INFO  spoolmanager: Mailet ToProcessor instantiated.
02/12/11 16:10:05 INFO  spoolmanager: Matcher All instantiated.
02/12/11 16:10:05 INFO  spoolmanager: Mailet RemoteDelivery instantiated.
02/12/11 16:10:05 INFO  spoolmanager: Processor transport instantiated.
02/12/11 16:10:05 INFO  spoolmanager: Matcher All instantiated.
02/12/11 16:10:05 INFO  spoolmanager: Mailet ToRepository instantiated.
02/12/11 16:10:05 INFO  spoolmanager: Processor spam instantiated.
02/12/11 16:10:05 INFO  spoolmanager: Matcher All instantiated.
02/12/11 16:10:05 INFO  spoolmanager: Mailet SetMailAttribute instantiated.
02/12/11 16:10:05 INFO  spoolmanager: Matcher SMTPAuthSuccessful instantiated.
02/12/11 16:10:05 INFO  spoolmanager: Mailet Bounce instantiated.
02/12/11 16:10:05 INFO  spoolmanager: Matcher All instantiated.
02/12/11 16:10:05 INFO  spoolmanager: Mailet Null instantiated.
02/12/11 16:10:05 INFO  spoolmanager: Processor virus instantiated.
02/12/11 16:10:05 INFO  spoolmanager: Matcher All instantiated.
02/12/11 16:10:05 INFO  spoolmanager: Mailet ToRepository instantiated.
02/12/11 16:10:05 INFO  spoolmanager: Processor local-address-error instantiated.
02/12/11 16:10:05 INFO  spoolmanager: Matcher All instantiated.
02/12/11 16:10:05 INFO  spoolmanager: Mailet ToRepository instantiated.
02/12/11 16:10:05 INFO  spoolmanager: Processor relay-denied instantiated.
02/12/11 16:10:05 INFO  spoolmanager: Matcher All instantiated.
02/12/11 16:10:05 INFO  spoolmanager: Mailet DSNBounce instantiated.
02/12/11 16:10:05 INFO  spoolmanager: Processor bounces instantiated.
02/12/11 16:10:05 INFO  spoolmanager: Spooler Manager uses 10 Thread(s)
02/12/11 16:10:05 INFO  spoolmanager: Run JamesSpoolManager: Spool Thread #1
02/12/11 16:10:05 INFO  spoolmanager: Run JamesSpoolManager: Spool Thread #2
02/12/11 16:10:05 INFO  spoolmanager: Run JamesSpoolManager: Spool Thread #0
02/12/11 16:10:05 INFO  spoolmanager: Run JamesSpoolManager: Spool Thread #4
02/12/11 16:10:05 INFO  spoolmanager: Spool=$Proxy5
02/12/11 16:10:05 INFO  spoolmanager: Run JamesSpoolManager: Spool Thread #3
02/12/11 16:10:05 INFO  spoolmanager: Spool=$Proxy5
02/12/11 16:10:05 INFO  spoolmanager: Spool=$Proxy5
02/12/11 16:10:05 INFO  spoolmanager: Run JamesSpoolManager: Spool Thread #6
02/12/11 16:10:05 INFO  spoolmanager: Spool=$Proxy5
02/12/11 16:10:05 INFO  spoolmanager: Run JamesSpoolManager: Spool Thread #8
02/12/11 16:10:05 INFO  spoolmanager: Spool=$Proxy5
02/12/11 16:10:05 INFO  spoolmanager: Run JamesSpoolManager: Spool Thread #9
02/12/11 16:10:05 INFO  spoolmanager: Spool=$Proxy5
02/12/11 16:10:05 INFO  spoolmanager: Run JamesSpoolManager: Spool Thread #5
02/12/11 16:10:05 INFO  spoolmanager: Spool=$Proxy5
02/12/11 16:10:05 INFO  spoolmanager: Spool=$Proxy5
02/12/11 16:10:05 INFO  spoolmanager: Spool=$Proxy5
02/12/11 16:10:05 INFO  spoolmanager: Run JamesSpoolManager: Spool Thread #7
02/12/11 16:10:05 INFO  spoolmanager: Spool=$Proxy5
