15/11/11 09:32:56 INFO  spoolmanager: JamesSpoolManager init...
15/11/11 09:32:56 INFO  spoolmanager: Matcher All instantiated.
15/11/11 09:32:56 INFO  spoolmanager: Mailet PostmasterAlias instantiated.
15/11/11 09:32:56 INFO  spoolmanager: Matcher RelayLimit=30 instantiated.
15/11/11 09:32:56 INFO  spoolmanager: Mailet Null instantiated.
15/11/11 09:32:56 INFO  spoolmanager: Matcher HasMailAttributeWithValue=org.apache.james.infected, true instantiated.
15/11/11 09:32:56 INFO  spoolmanager: Mailet ToProcessor instantiated.
15/11/11 09:32:56 INFO  spoolmanager: Matcher HasMailAttribute=spamChecked instantiated.
15/11/11 09:32:56 INFO  spoolmanager: Mailet ToProcessor instantiated.
15/11/11 09:32:56 INFO  spoolmanager: Matcher All instantiated.
15/11/11 09:32:56 INFO  spoolmanager: Mailet SetMailAttribute instantiated.
15/11/11 09:32:56 INFO  spoolmanager: Matcher SMTPAuthSuccessful instantiated.
15/11/11 09:32:56 INFO  spoolmanager: Mailet ToProcessor instantiated.
15/11/11 09:32:56 INFO  spoolmanager: Matcher InSpammerBlacklist=query.bondedsender.org. instantiated.
15/11/11 09:32:56 INFO  spoolmanager: Mailet ToProcessor instantiated.
15/11/11 09:32:56 INFO  spoolmanager: Matcher InSpammerBlacklist=dnsbl.njabl.org. instantiated.
15/11/11 09:32:56 INFO  spoolmanager: Mailet ToProcessor instantiated.
15/11/11 09:32:56 INFO  spoolmanager: Matcher All instantiated.
15/11/11 09:32:56 INFO  spoolmanager: Mailet ToProcessor instantiated.
15/11/11 09:32:56 INFO  spoolmanager: Processor root instantiated.
15/11/11 09:32:56 INFO  spoolmanager: Matcher All instantiated.
15/11/11 09:32:56 INFO  spoolmanager: Mailet ToRepository instantiated.
15/11/11 09:32:56 INFO  spoolmanager: Processor error instantiated.
15/11/11 09:32:56 INFO  spoolmanager: Matcher SMTPAuthSuccessful instantiated.
15/11/11 09:32:56 INFO  spoolmanager: Mailet SetMimeHeader instantiated.
15/11/11 09:32:56 INFO  spoolmanager: Matcher HasMailAttribute=org.apache.james.SMIMECheckSignature instantiated.
15/11/11 09:32:56 INFO  spoolmanager: Mailet SetMimeHeader instantiated.
15/11/11 09:32:56 INFO  spoolmanager: Matcher RecipientIsLocal instantiated.
15/11/11 09:32:56 INFO  spoolmanager: Mailet LocalDelivery instantiated.
15/11/11 09:32:56 INFO  spoolmanager: Matcher HostIsLocal instantiated.
15/11/11 09:32:56 INFO  spoolmanager: Mailet ToProcessor instantiated.
15/11/11 09:32:56 INFO  spoolmanager: Matcher All instantiated.
15/11/11 09:32:56 INFO  spoolmanager: Mailet RemoteDelivery instantiated.
15/11/11 09:32:56 INFO  spoolmanager: Processor transport instantiated.
15/11/11 09:32:56 INFO  spoolmanager: Matcher All instantiated.
15/11/11 09:32:56 INFO  spoolmanager: Mailet ToRepository instantiated.
15/11/11 09:32:56 INFO  spoolmanager: Processor spam instantiated.
15/11/11 09:32:56 INFO  spoolmanager: Matcher All instantiated.
15/11/11 09:32:56 INFO  spoolmanager: Mailet SetMailAttribute instantiated.
15/11/11 09:32:56 INFO  spoolmanager: Matcher SMTPAuthSuccessful instantiated.
15/11/11 09:32:56 INFO  spoolmanager: Mailet Bounce instantiated.
15/11/11 09:32:56 INFO  spoolmanager: Matcher All instantiated.
15/11/11 09:32:56 INFO  spoolmanager: Mailet Null instantiated.
15/11/11 09:32:56 INFO  spoolmanager: Processor virus instantiated.
15/11/11 09:32:56 INFO  spoolmanager: Matcher All instantiated.
15/11/11 09:32:56 INFO  spoolmanager: Mailet ToRepository instantiated.
15/11/11 09:32:56 INFO  spoolmanager: Processor local-address-error instantiated.
15/11/11 09:32:56 INFO  spoolmanager: Matcher All instantiated.
15/11/11 09:32:56 INFO  spoolmanager: Mailet ToRepository instantiated.
15/11/11 09:32:56 INFO  spoolmanager: Processor relay-denied instantiated.
15/11/11 09:32:56 INFO  spoolmanager: Matcher All instantiated.
15/11/11 09:32:56 INFO  spoolmanager: Mailet DSNBounce instantiated.
15/11/11 09:32:56 INFO  spoolmanager: Processor bounces instantiated.
15/11/11 09:32:56 INFO  spoolmanager: Spooler Manager uses 10 Thread(s)
15/11/11 09:32:56 INFO  spoolmanager: Run JamesSpoolManager: Spool Thread #1
15/11/11 09:32:56 INFO  spoolmanager: Run JamesSpoolManager: Spool Thread #0
15/11/11 09:32:56 INFO  spoolmanager: Spool=$Proxy5
15/11/11 09:32:56 INFO  spoolmanager: Run JamesSpoolManager: Spool Thread #3
15/11/11 09:32:56 INFO  spoolmanager: Spool=$Proxy5
15/11/11 09:32:56 INFO  spoolmanager: Run JamesSpoolManager: Spool Thread #2
15/11/11 09:32:56 INFO  spoolmanager: Spool=$Proxy5
15/11/11 09:32:56 INFO  spoolmanager: Spool=$Proxy5
15/11/11 09:32:56 INFO  spoolmanager: Run JamesSpoolManager: Spool Thread #5
15/11/11 09:32:56 INFO  spoolmanager: Spool=$Proxy5
15/11/11 09:32:56 INFO  spoolmanager: Run JamesSpoolManager: Spool Thread #6
15/11/11 09:32:56 INFO  spoolmanager: Spool=$Proxy5
15/11/11 09:32:56 INFO  spoolmanager: Run JamesSpoolManager: Spool Thread #7
15/11/11 09:32:56 INFO  spoolmanager: Run JamesSpoolManager: Spool Thread #4
15/11/11 09:32:56 INFO  spoolmanager: Spool=$Proxy5
15/11/11 09:32:56 INFO  spoolmanager: Run JamesSpoolManager: Spool Thread #8
15/11/11 09:32:56 INFO  spoolmanager: Spool=$Proxy5
15/11/11 09:32:56 INFO  spoolmanager: Spool=$Proxy5
15/11/11 09:32:56 INFO  spoolmanager: Run JamesSpoolManager: Spool Thread #9
15/11/11 09:32:56 INFO  spoolmanager: Spool=$Proxy5
15/11/11 13:42:23 INFO  spoolmanager: JamesSpoolManager dispose...
15/11/11 13:42:23 INFO  spoolmanager: Interrupted JamesSpoolManager: Spool Thread #5
15/11/11 13:42:23 INFO  spoolmanager: Interrupted JamesSpoolManager: Spool Thread #2
15/11/11 13:42:23 INFO  spoolmanager: Stop JamesSpoolManager: Spool Thread #2
15/11/11 13:42:23 INFO  spoolmanager: Interrupted JamesSpoolManager: Spool Thread #1
15/11/11 13:42:23 INFO  spoolmanager: Stop JamesSpoolManager: Spool Thread #1
15/11/11 13:42:23 INFO  spoolmanager: Interrupted JamesSpoolManager: Spool Thread #7
15/11/11 13:42:23 INFO  spoolmanager: Stop JamesSpoolManager: Spool Thread #7
15/11/11 13:42:23 INFO  spoolmanager: Interrupted JamesSpoolManager: Spool Thread #9
15/11/11 13:42:23 INFO  spoolmanager: Interrupted JamesSpoolManager: Spool Thread #6
15/11/11 13:42:23 INFO  spoolmanager: Interrupted JamesSpoolManager: Spool Thread #8
15/11/11 13:42:23 INFO  spoolmanager: Interrupted JamesSpoolManager: Spool Thread #3
15/11/11 13:42:23 INFO  spoolmanager: Stop JamesSpoolManager: Spool Thread #8
15/11/11 13:42:23 INFO  spoolmanager: Stop JamesSpoolManager: Spool Thread #6
15/11/11 13:42:23 INFO  spoolmanager: Stop JamesSpoolManager: Spool Thread #9
15/11/11 13:42:23 INFO  spoolmanager: Interrupted JamesSpoolManager: Spool Thread #0
15/11/11 13:42:23 INFO  spoolmanager: Stop JamesSpoolManager: Spool Thread #0
15/11/11 13:42:23 INFO  spoolmanager: Interrupted JamesSpoolManager: Spool Thread #4
15/11/11 13:42:23 INFO  spoolmanager: Stop JamesSpoolManager: Spool Thread #4
15/11/11 13:42:23 INFO  spoolmanager: Stop JamesSpoolManager: Spool Thread #5
15/11/11 13:42:23 INFO  spoolmanager: Stop JamesSpoolManager: Spool Thread #3
15/11/11 13:42:24 INFO  spoolmanager: JamesSpoolManager thread shutdown completed.
