31/10/11 11:12:02 INFO  spoolmanager: JamesSpoolManager init...
31/10/11 11:12:02 INFO  spoolmanager: Matcher All instantiated.
31/10/11 11:12:02 INFO  spoolmanager: Mailet PostmasterAlias instantiated.
31/10/11 11:12:02 INFO  spoolmanager: Matcher RelayLimit=30 instantiated.
31/10/11 11:12:02 INFO  spoolmanager: Mailet Null instantiated.
31/10/11 11:12:02 INFO  spoolmanager: Matcher HasMailAttributeWithValue=org.apache.james.infected, true instantiated.
31/10/11 11:12:02 INFO  spoolmanager: Mailet ToProcessor instantiated.
31/10/11 11:12:02 INFO  spoolmanager: Matcher HasMailAttribute=spamChecked instantiated.
31/10/11 11:12:02 INFO  spoolmanager: Mailet ToProcessor instantiated.
31/10/11 11:12:02 INFO  spoolmanager: Matcher All instantiated.
31/10/11 11:12:02 INFO  spoolmanager: Mailet SetMailAttribute instantiated.
31/10/11 11:12:02 INFO  spoolmanager: Matcher SMTPAuthSuccessful instantiated.
31/10/11 11:12:02 INFO  spoolmanager: Mailet ToProcessor instantiated.
31/10/11 11:12:02 INFO  spoolmanager: Matcher InSpammerBlacklist=query.bondedsender.org. instantiated.
31/10/11 11:12:02 INFO  spoolmanager: Mailet ToProcessor instantiated.
31/10/11 11:12:02 INFO  spoolmanager: Matcher InSpammerBlacklist=dnsbl.njabl.org. instantiated.
31/10/11 11:12:02 INFO  spoolmanager: Mailet ToProcessor instantiated.
31/10/11 11:12:02 INFO  spoolmanager: Matcher All instantiated.
31/10/11 11:12:02 INFO  spoolmanager: Mailet ToProcessor instantiated.
31/10/11 11:12:02 INFO  spoolmanager: Processor root instantiated.
31/10/11 11:12:02 INFO  spoolmanager: Matcher All instantiated.
31/10/11 11:12:02 INFO  spoolmanager: Mailet ToRepository instantiated.
31/10/11 11:12:02 INFO  spoolmanager: Processor error instantiated.
31/10/11 11:12:02 INFO  spoolmanager: Matcher SMTPAuthSuccessful instantiated.
31/10/11 11:12:02 INFO  spoolmanager: Mailet SetMimeHeader instantiated.
31/10/11 11:12:02 INFO  spoolmanager: Matcher HasMailAttribute=org.apache.james.SMIMECheckSignature instantiated.
31/10/11 11:12:02 INFO  spoolmanager: Mailet SetMimeHeader instantiated.
31/10/11 11:12:02 INFO  spoolmanager: Matcher RecipientIsLocal instantiated.
31/10/11 11:12:02 INFO  spoolmanager: Mailet LocalDelivery instantiated.
31/10/11 11:12:02 INFO  spoolmanager: Matcher HostIsLocal instantiated.
31/10/11 11:12:02 INFO  spoolmanager: Mailet ToProcessor instantiated.
31/10/11 11:12:02 INFO  spoolmanager: Matcher RemoteAddrNotInNetwork=127.0.0.1 instantiated.
31/10/11 11:12:02 INFO  spoolmanager: Mailet ToProcessor instantiated.
31/10/11 11:12:02 INFO  spoolmanager: Matcher All instantiated.
31/10/11 11:12:02 INFO  spoolmanager: Mailet RemoteDelivery instantiated.
31/10/11 11:12:02 INFO  spoolmanager: Processor transport instantiated.
31/10/11 11:12:02 INFO  spoolmanager: Matcher All instantiated.
31/10/11 11:12:02 INFO  spoolmanager: Mailet ToRepository instantiated.
31/10/11 11:12:02 INFO  spoolmanager: Processor spam instantiated.
31/10/11 11:12:02 INFO  spoolmanager: Matcher All instantiated.
31/10/11 11:12:02 INFO  spoolmanager: Mailet SetMailAttribute instantiated.
31/10/11 11:12:02 INFO  spoolmanager: Matcher SMTPAuthSuccessful instantiated.
31/10/11 11:12:02 INFO  spoolmanager: Mailet Bounce instantiated.
31/10/11 11:12:02 INFO  spoolmanager: Matcher All instantiated.
31/10/11 11:12:02 INFO  spoolmanager: Mailet Null instantiated.
31/10/11 11:12:02 INFO  spoolmanager: Processor virus instantiated.
31/10/11 11:12:02 INFO  spoolmanager: Matcher All instantiated.
31/10/11 11:12:02 INFO  spoolmanager: Mailet ToRepository instantiated.
31/10/11 11:12:02 INFO  spoolmanager: Processor local-address-error instantiated.
31/10/11 11:12:02 INFO  spoolmanager: Matcher All instantiated.
31/10/11 11:12:02 INFO  spoolmanager: Mailet ToRepository instantiated.
31/10/11 11:12:02 INFO  spoolmanager: Processor relay-denied instantiated.
31/10/11 11:12:02 INFO  spoolmanager: Matcher All instantiated.
31/10/11 11:12:02 INFO  spoolmanager: Mailet DSNBounce instantiated.
31/10/11 11:12:02 INFO  spoolmanager: Processor bounces instantiated.
31/10/11 11:12:02 INFO  spoolmanager: Spooler Manager uses 10 Thread(s)
31/10/11 11:12:02 INFO  spoolmanager: Run JamesSpoolManager: Spool Thread #0
31/10/11 11:12:02 INFO  spoolmanager: Run JamesSpoolManager: Spool Thread #1
31/10/11 11:12:02 INFO  spoolmanager: Spool=$Proxy5
31/10/11 11:12:02 INFO  spoolmanager: Run JamesSpoolManager: Spool Thread #2
31/10/11 11:12:02 INFO  spoolmanager: Spool=$Proxy5
31/10/11 11:12:02 INFO  spoolmanager: Spool=$Proxy5
31/10/11 11:12:02 INFO  spoolmanager: Run JamesSpoolManager: Spool Thread #5
31/10/11 11:12:02 INFO  spoolmanager: Spool=$Proxy5
31/10/11 11:12:02 INFO  spoolmanager: Run JamesSpoolManager: Spool Thread #4
31/10/11 11:12:02 INFO  spoolmanager: Spool=$Proxy5
31/10/11 11:12:02 INFO  spoolmanager: Run JamesSpoolManager: Spool Thread #3
31/10/11 11:12:02 INFO  spoolmanager: Spool=$Proxy5
31/10/11 11:12:02 INFO  spoolmanager: Run JamesSpoolManager: Spool Thread #6
31/10/11 11:12:02 INFO  spoolmanager: Spool=$Proxy5
31/10/11 11:12:02 INFO  spoolmanager: Run JamesSpoolManager: Spool Thread #9
31/10/11 11:12:02 INFO  spoolmanager: Run JamesSpoolManager: Spool Thread #7
31/10/11 11:12:02 INFO  spoolmanager: Spool=$Proxy5
31/10/11 11:12:02 INFO  spoolmanager: Spool=$Proxy5
31/10/11 11:12:02 INFO  spoolmanager: Run JamesSpoolManager: Spool Thread #8
31/10/11 11:12:02 INFO  spoolmanager: Spool=$Proxy5
31/10/11 11:34:49 INFO  spoolmanager: JamesSpoolManager dispose...
31/10/11 11:34:49 INFO  spoolmanager: Interrupted JamesSpoolManager: Spool Thread #6
31/10/11 11:34:49 INFO  spoolmanager: Stop JamesSpoolManager: Spool Thread #6
31/10/11 11:34:49 INFO  spoolmanager: Interrupted JamesSpoolManager: Spool Thread #5
31/10/11 11:34:49 INFO  spoolmanager: Stop JamesSpoolManager: Spool Thread #5
31/10/11 11:34:49 INFO  spoolmanager: Interrupted JamesSpoolManager: Spool Thread #1
31/10/11 11:34:49 INFO  spoolmanager: Stop JamesSpoolManager: Spool Thread #1
31/10/11 11:34:49 INFO  spoolmanager: Interrupted JamesSpoolManager: Spool Thread #0
31/10/11 11:34:49 INFO  spoolmanager: Stop JamesSpoolManager: Spool Thread #0
31/10/11 11:34:49 INFO  spoolmanager: Interrupted JamesSpoolManager: Spool Thread #4
31/10/11 11:34:49 INFO  spoolmanager: Stop JamesSpoolManager: Spool Thread #4
31/10/11 11:34:49 INFO  spoolmanager: Interrupted JamesSpoolManager: Spool Thread #7
31/10/11 11:34:49 INFO  spoolmanager: Stop JamesSpoolManager: Spool Thread #7
31/10/11 11:34:49 INFO  spoolmanager: Interrupted JamesSpoolManager: Spool Thread #9
31/10/11 11:34:49 INFO  spoolmanager: Stop JamesSpoolManager: Spool Thread #9
31/10/11 11:34:49 INFO  spoolmanager: Interrupted JamesSpoolManager: Spool Thread #2
31/10/11 11:34:49 INFO  spoolmanager: Stop JamesSpoolManager: Spool Thread #2
31/10/11 11:34:49 INFO  spoolmanager: Interrupted JamesSpoolManager: Spool Thread #3
31/10/11 11:34:49 INFO  spoolmanager: Stop JamesSpoolManager: Spool Thread #3
31/10/11 11:34:49 INFO  spoolmanager: Interrupted JamesSpoolManager: Spool Thread #8
31/10/11 11:34:49 INFO  spoolmanager: Stop JamesSpoolManager: Spool Thread #8
31/10/11 11:34:50 INFO  spoolmanager: JamesSpoolManager thread shutdown completed.
